2019/11/24 02:32:51 [error] [system.db.CDbCommand] CDbCommand::fetch() failed: SQLSTATE[42S22]: Column not found: 1054 Unknown column 'detail_id' in 'where clause'. The SQL statement executed was: SELECT * FROM `sell_detail` `t` WHERE detail_id=10 LIMIT 1.
2019/11/24 02:32:51 [error] [exception.CDbException] exception 'CDbException' with message 'CDbCommand 无法执行 SQL 语句: SQLSTATE[42S22]: Column not found: 1054 Unknown column 'detail_id' in 'where clause'' in D:\WampServer\wamp64\www\workspace\YII\YII_clothes_purchase_sale\hsyii\framework\db\CDbCommand.php:543
Stack trace:
#0 D:\WampServer\wamp64\www\workspace\YII\YII_clothes_purchase_sale\hsyii\framework\db\CDbCommand.php(415): CDbCommand->queryInternal('fetch', Array, Array)
#1 D:\WampServer\wamp64\www\workspace\YII\YII_clothes_purchase_sale\hsyii\framework\db\ar\CActiveRecord.php(1359): CDbCommand->queryRow()
#2 D:\WampServer\wamp64\www\workspace\YII\YII_clothes_purchase_sale\hsyii\framework\db\ar\CActiveRecord.php(1464): CActiveRecord->query(Object(CDbCriteria))
#3 D:\WampServer\wamp64\www\workspace\YII\YII_clothes_purchase_sale\hsyii\admin\views\AccountInformation\index.php(188): CActiveRecord->find('detail_id=10')
#4 D:\WampServer\wamp64\www\workspace\YII\YII_clothes_purchase_sale\hsyii\framework\web\CBaseController.php(126): require('D:\\WampServer\\w...')
#5 D:\WampServer\wamp64\www\workspace\YII\YII_clothes_purchase_sale\hsyii\framework\web\CBaseController.php(95): CBaseController->renderInternal('D:\\WampServer\\w...', Array, true)
#6 D:\WampServer\wamp64\www\workspace\YII\YII_clothes_purchase_sale\hsyii\framework\web\CController.php(872): CBaseController->renderFile('D:\\WampServer\\w...', Array, true)
#7 D:\WampServer\wamp64\www\workspace\YII\YII_clothes_purchase_sale\hsyii\framework\web\CController.php(785): CController->renderPartial('index', Array, true)
#8 D:\WampServer\wamp64\www\workspace\YII\YII_clothes_purchase_sale\hsyii\admin\components\BaseController.php(68): CController->render('index', Array)
#9 D:\WampServer\wamp64\www\workspace\YII\YII_clothes_purchase_sale\hsyii\admin\controllers\AccountInformationController.php(64): BaseController->_list(Object(AccountInformation), Object(CDbCriteria), 'index', Array)
#10 [internal function]: AccountInformationController->actionIndex('', '')
#11 D:\WampServer\wamp64\www\workspace\YII\YII_clothes_purchase_sale\hsyii\framework\web\actions\CAction.php(109): ReflectionMethod->invokeArgs(Object(AccountInformationController), Array)
#12 D:\WampServer\wamp64\www\workspace\YII\YII_clothes_purchase_sale\hsyii\framework\web\actions\CInlineAction.php(47): CAction->runWithParamsInternal(Object(AccountInformationController), Object(ReflectionMethod), Array)
#13 D:\WampServer\wamp64\www\workspace\YII\YII_clothes_purchase_sale\hsyii\framework\web\CController.php(308): CInlineAction->runWithParams(Array)
#14 D:\WampServer\wamp64\www\workspace\YII\YII_clothes_purchase_sale\hsyii\framework\web\CController.php(286): CController->runAction(Object(CInlineAction))
#15 D:\WampServer\wamp64\www\workspace\YII\YII_clothes_purchase_sale\hsyii\framework\web\CController.php(265): CController->runActionWithFilters(Object(CInlineAction), Array)
#16 D:\WampServer\wamp64\www\workspace\YII\YII_clothes_purchase_sale\hsyii\framework\web\CWebApplication.php(282): CController->run('index')
#17 D:\WampServer\wamp64\www\workspace\YII\YII_clothes_purchase_sale\hsyii\framework\web\CWebApplication.php(141): CWebApplication->runController('AccountInformat...')
#18 D:\WampServer\wamp64\www\workspace\YII\YII_clothes_purchase_sale\hsyii\framework\base\CApplication.php(185): CWebApplication->processRequest()
#19 D:\WampServer\wamp64\www\workspace\YII\YII_clothes_purchase_sale\hsyii\index.php(33): CApplication->run()
#20 {main}
REQUEST_URI=/workspace/YII/YII_clothes_purchase_sale/hsyii/index.php?r=AccountInformation/index
HTTP_REFERER=http://localhost:8088/workspace/YII/YII_clothes_purchase_sale/hsyii/index.php
---
2019/11/24 02:39:07 [error] [system.db.CDbCommand] CDbCommand::fetchAll() failed: SQLSTATE[42000]: Syntax error or access violation: 1064 You have an error in your SQL syntax; check the manual that corresponds to your MySQL server version for the right syntax to use near 'DES LIMIT 15' at line 1. The SQL statement executed was: SELECT * FROM `account` `t` ORDER BY account_no DES LIMIT 15.
2019/11/24 02:39:07 [error] [exception.CDbException] exception 'CDbException' with message 'CDbCommand 无法执行 SQL 语句: SQLSTATE[42000]: Syntax error or access violation: 1064 You have an error in your SQL syntax; check the manual that corresponds to your MySQL server version for the right syntax to use near 'DES LIMIT 15' at line 1' in D:\WampServer\wamp64\www\workspace\YII\YII_clothes_purchase_sale\hsyii\framework\db\CDbCommand.php:543
Stack trace:
#0 D:\WampServer\wamp64\www\workspace\YII\YII_clothes_purchase_sale\hsyii\framework\db\CDbCommand.php(396): CDbCommand->queryInternal('fetchAll', Array, Array)
#1 D:\WampServer\wamp64\www\workspace\YII\YII_clothes_purchase_sale\hsyii\framework\db\ar\CActiveRecord.php(1359): CDbCommand->queryAll()
#2 D:\WampServer\wamp64\www\workspace\YII\YII_clothes_purchase_sale\hsyii\framework\db\ar\CActiveRecord.php(1478): CActiveRecord->query(Object(CDbCriteria), true)
#3 D:\WampServer\wamp64\www\workspace\YII\YII_clothes_purchase_sale\hsyii\admin\components\BaseController.php(66): CActiveRecord->findAll(Object(CDbCriteria))
#4 D:\WampServer\wamp64\www\workspace\YII\YII_clothes_purchase_sale\hsyii\admin\controllers\AccountInformationController.php(64): BaseController->_list(Object(AccountInformation), Object(CDbCriteria), 'index', Array)
#5 [internal function]: AccountInformationController->actionIndex('', '')
#6 D:\WampServer\wamp64\www\workspace\YII\YII_clothes_purchase_sale\hsyii\framework\web\actions\CAction.php(109): ReflectionMethod->invokeArgs(Object(AccountInformationController), Array)
#7 D:\WampServer\wamp64\www\workspace\YII\YII_clothes_purchase_sale\hsyii\framework\web\actions\CInlineAction.php(47): CAction->runWithParamsInternal(Object(AccountInformationController), Object(ReflectionMethod), Array)
#8 D:\WampServer\wamp64\www\workspace\YII\YII_clothes_purchase_sale\hsyii\framework\web\CController.php(308): CInlineAction->runWithParams(Array)
#9 D:\WampServer\wamp64\www\workspace\YII\YII_clothes_purchase_sale\hsyii\framework\web\CController.php(286): CController->runAction(Object(CInlineAction))
#10 D:\WampServer\wamp64\www\workspace\YII\YII_clothes_purchase_sale\hsyii\framework\web\CController.php(265): CController->runActionWithFilters(Object(CInlineAction), Array)
#11 D:\WampServer\wamp64\www\workspace\YII\YII_clothes_purchase_sale\hsyii\framework\web\CWebApplication.php(282): CController->run('index')
#12 D:\WampServer\wamp64\www\workspace\YII\YII_clothes_purchase_sale\hsyii\framework\web\CWebApplication.php(141): CWebApplication->runController('AccountInformat...')
#13 D:\WampServer\wamp64\www\workspace\YII\YII_clothes_purchase_sale\hsyii\framework\base\CApplication.php(185): CWebApplication->processRequest()
#14 D:\WampServer\wamp64\www\workspace\YII\YII_clothes_purchase_sale\hsyii\index.php(33): CApplication->run()
#15 {main}
REQUEST_URI=/workspace/YII/YII_clothes_purchase_sale/hsyii/index.php?r=AccountInformation/index
HTTP_REFERER=http://localhost:8088/workspace/YII/YII_clothes_purchase_sale/hsyii/index.php
---
2019/11/24 02:39:43 [error] [system.db.CDbCommand] CDbCommand::fetchAll() failed: SQLSTATE[42000]: Syntax error or access violation: 1064 You have an error in your SQL syntax; check the manual that corresponds to your MySQL server version for the right syntax to use near 'AES LIMIT 15' at line 1. The SQL statement executed was: SELECT * FROM `account` `t` ORDER BY account_no AES LIMIT 15.
2019/11/24 02:39:43 [error] [exception.CDbException] exception 'CDbException' with message 'CDbCommand 无法执行 SQL 语句: SQLSTATE[42000]: Syntax error or access violation: 1064 You have an error in your SQL syntax; check the manual that corresponds to your MySQL server version for the right syntax to use near 'AES LIMIT 15' at line 1' in D:\WampServer\wamp64\www\workspace\YII\YII_clothes_purchase_sale\hsyii\framework\db\CDbCommand.php:543
Stack trace:
#0 D:\WampServer\wamp64\www\workspace\YII\YII_clothes_purchase_sale\hsyii\framework\db\CDbCommand.php(396): CDbCommand->queryInternal('fetchAll', Array, Array)
#1 D:\WampServer\wamp64\www\workspace\YII\YII_clothes_purchase_sale\hsyii\framework\db\ar\CActiveRecord.php(1359): CDbCommand->queryAll()
#2 D:\WampServer\wamp64\www\workspace\YII\YII_clothes_purchase_sale\hsyii\framework\db\ar\CActiveRecord.php(1478): CActiveRecord->query(Object(CDbCriteria), true)
#3 D:\WampServer\wamp64\www\workspace\YII\YII_clothes_purchase_sale\hsyii\admin\components\BaseController.php(66): CActiveRecord->findAll(Object(CDbCriteria))
#4 D:\WampServer\wamp64\www\workspace\YII\YII_clothes_purchase_sale\hsyii\admin\controllers\AccountInformationController.php(64): BaseController->_list(Object(AccountInformation), Object(CDbCriteria), 'index', Array)
#5 [internal function]: AccountInformationController->actionIndex('', '')
#6 D:\WampServer\wamp64\www\workspace\YII\YII_clothes_purchase_sale\hsyii\framework\web\actions\CAction.php(109): ReflectionMethod->invokeArgs(Object(AccountInformationController), Array)
#7 D:\WampServer\wamp64\www\workspace\YII\YII_clothes_purchase_sale\hsyii\framework\web\actions\CInlineAction.php(47): CAction->runWithParamsInternal(Object(AccountInformationController), Object(ReflectionMethod), Array)
#8 D:\WampServer\wamp64\www\workspace\YII\YII_clothes_purchase_sale\hsyii\framework\web\CController.php(308): CInlineAction->runWithParams(Array)
#9 D:\WampServer\wamp64\www\workspace\YII\YII_clothes_purchase_sale\hsyii\framework\web\CController.php(286): CController->runAction(Object(CInlineAction))
#10 D:\WampServer\wamp64\www\workspace\YII\YII_clothes_purchase_sale\hsyii\framework\web\CController.php(265): CController->runActionWithFilters(Object(CInlineAction), Array)
#11 D:\WampServer\wamp64\www\workspace\YII\YII_clothes_purchase_sale\hsyii\framework\web\CWebApplication.php(282): CController->run('index')
#12 D:\WampServer\wamp64\www\workspace\YII\YII_clothes_purchase_sale\hsyii\framework\web\CWebApplication.php(141): CWebApplication->runController('AccountInformat...')
#13 D:\WampServer\wamp64\www\workspace\YII\YII_clothes_purchase_sale\hsyii\framework\base\CApplication.php(185): CWebApplication->processRequest()
#14 D:\WampServer\wamp64\www\workspace\YII\YII_clothes_purchase_sale\hsyii\index.php(33): CApplication->run()
#15 {main}
REQUEST_URI=/workspace/YII/YII_clothes_purchase_sale/hsyii/index.php?r=AccountInformation/index
HTTP_REFERER=http://localhost:8088/workspace/YII/YII_clothes_purchase_sale/hsyii/index.php
---
2019/11/24 02:39:57 [error] [system.db.CDbCommand] CDbCommand::fetchAll() failed: SQLSTATE[42000]: Syntax error or access violation: 1064 You have an error in your SQL syntax; check the manual that corresponds to your MySQL server version for the right syntax to use near 'DES LIMIT 15' at line 1. The SQL statement executed was: SELECT * FROM `account` `t` ORDER BY account_no DES LIMIT 15.
2019/11/24 02:39:57 [error] [exception.CDbException] exception 'CDbException' with message 'CDbCommand 无法执行 SQL 语句: SQLSTATE[42000]: Syntax error or access violation: 1064 You have an error in your SQL syntax; check the manual that corresponds to your MySQL server version for the right syntax to use near 'DES LIMIT 15' at line 1' in D:\WampServer\wamp64\www\workspace\YII\YII_clothes_purchase_sale\hsyii\framework\db\CDbCommand.php:543
Stack trace:
#0 D:\WampServer\wamp64\www\workspace\YII\YII_clothes_purchase_sale\hsyii\framework\db\CDbCommand.php(396): CDbCommand->queryInternal('fetchAll', Array, Array)
#1 D:\WampServer\wamp64\www\workspace\YII\YII_clothes_purchase_sale\hsyii\framework\db\ar\CActiveRecord.php(1359): CDbCommand->queryAll()
#2 D:\WampServer\wamp64\www\workspace\YII\YII_clothes_purchase_sale\hsyii\framework\db\ar\CActiveRecord.php(1478): CActiveRecord->query(Object(CDbCriteria), true)
#3 D:\WampServer\wamp64\www\workspace\YII\YII_clothes_purchase_sale\hsyii\admin\components\BaseController.php(66): CActiveRecord->findAll(Object(CDbCriteria))
#4 D:\WampServer\wamp64\www\workspace\YII\YII_clothes_purchase_sale\hsyii\admin\controllers\AccountInformationController.php(64): BaseController->_list(Object(AccountInformation), Object(CDbCriteria), 'index', Array)
#5 [internal function]: AccountInformationController->actionIndex('', '')
#6 D:\WampServer\wamp64\www\workspace\YII\YII_clothes_purchase_sale\hsyii\framework\web\actions\CAction.php(109): ReflectionMethod->invokeArgs(Object(AccountInformationController), Array)
#7 D:\WampServer\wamp64\www\workspace\YII\YII_clothes_purchase_sale\hsyii\framework\web\actions\CInlineAction.php(47): CAction->runWithParamsInternal(Object(AccountInformationController), Object(ReflectionMethod), Array)
#8 D:\WampServer\wamp64\www\workspace\YII\YII_clothes_purchase_sale\hsyii\framework\web\CController.php(308): CInlineAction->runWithParams(Array)
#9 D:\WampServer\wamp64\www\workspace\YII\YII_clothes_purchase_sale\hsyii\framework\web\CController.php(286): CController->runAction(Object(CInlineAction))
#10 D:\WampServer\wamp64\www\workspace\YII\YII_clothes_purchase_sale\hsyii\framework\web\CController.php(265): CController->runActionWithFilters(Object(CInlineAction), Array)
#11 D:\WampServer\wamp64\www\workspace\YII\YII_clothes_purchase_sale\hsyii\framework\web\CWebApplication.php(282): CController->run('index')
#12 D:\WampServer\wamp64\www\workspace\YII\YII_clothes_purchase_sale\hsyii\framework\web\CWebApplication.php(141): CWebApplication->runController('AccountInformat...')
#13 D:\WampServer\wamp64\www\workspace\YII\YII_clothes_purchase_sale\hsyii\framework\base\CApplication.php(185): CWebApplication->processRequest()
#14 D:\WampServer\wamp64\www\workspace\YII\YII_clothes_purchase_sale\hsyii\index.php(33): CApplication->run()
#15 {main}
REQUEST_URI=/workspace/YII/YII_clothes_purchase_sale/hsyii/index.php?r=AccountInformation/index
HTTP_REFERER=http://localhost:8088/workspace/YII/YII_clothes_purchase_sale/hsyii/index.php
---
2019/11/25 19:44:58 [error] [exception.CException] CException: 属性 "GoodsInformation.material" 未被定义. in /var/www/html/YII_clothes_purchase_sale-master (1)/hsyii/framework/base/CComponent.php:130
Stack trace:
#0 /var/www/html/YII_clothes_purchase_sale-master (1)/hsyii/framework/db/ar/CActiveRecord.php(145): CComponent->__get('material')
#1 /var/www/html/YII_clothes_purchase_sale-master (1)/hsyii/framework/web/helpers/CHtml.php(2747): CActiveRecord->__get('material')
#2 /var/www/html/YII_clothes_purchase_sale-master (1)/hsyii/framework/web/helpers/CHtml.php(2470): CHtml::resolveValue(Object(GoodsInformation), 'material')
#3 /var/www/html/YII_clothes_purchase_sale-master (1)/hsyii/framework/web/helpers/CHtml.php(1540): CHtml::activeInputField('text', Object(GoodsInformation), 'material', Array)
#4 /var/www/html/YII_clothes_purchase_sale-master (1)/hsyii/framework/web/widgets/CActiveForm.php(792): CHtml::activeTextField(Object(GoodsInformation), 'material', Array)
#5 /var/www/html/YII_clothes_purchase_sale-master (1)/hsyii/admin/views/GoodsInformation/update.php(53): CActiveForm->textField(Object(GoodsInformation), 'material', Array)
#6 /var/www/html/YII_clothes_purchase_sale-master (1)/hsyii/framework/web/CBaseController.php(126): require('/var/www/html/Y...')
#7 /var/www/html/YII_clothes_purchase_sale-master (1)/hsyii/framework/web/CBaseController.php(95): CBaseController->renderInternal('/var/www/html/Y...', Array, true)
#8 /var/www/html/YII_clothes_purchase_sale-master (1)/hsyii/framework/web/CController.php(872): CBaseController->renderFile('/var/www/html/Y...', Array, true)
#9 /var/www/html/YII_clothes_purchase_sale-master (1)/hsyii/framework/web/CController.php(785): CController->renderPartial('/GoodsInformati...', Array, true)
#10 /var/www/html/YII_clothes_purchase_sale-master (1)/hsyii/admin/controllers/GoodsInformationController.php(24): CController->render('/GoodsInformati...', Array)
#11 /var/www/html/YII_clothes_purchase_sale-master (1)/hsyii/framework/web/actions/CInlineAction.php(49): GoodsInformationController->actionCreate()
#12 /var/www/html/YII_clothes_purchase_sale-master (1)/hsyii/framework/web/CController.php(308): CInlineAction->runWithParams(Array)
#13 /var/www/html/YII_clothes_purchase_sale-master (1)/hsyii/framework/web/CController.php(286): CController->runAction(Object(CInlineAction))
#14 /var/www/html/YII_clothes_purchase_sale-master (1)/hsyii/framework/web/CController.php(265): CController->runActionWithFilters(Object(CInlineAction), Array)
#15 /var/www/html/YII_clothes_purchase_sale-master (1)/hsyii/framework/web/CWebApplication.php(282): CController->run('create')
#16 /var/www/html/YII_clothes_purchase_sale-master (1)/hsyii/framework/web/CWebApplication.php(141): CWebApplication->runController('goodsInformatio...')
#17 /var/www/html/YII_clothes_purchase_sale-master (1)/hsyii/framework/base/CApplication.php(185): CWebApplication->processRequest()
#18 /var/www/html/YII_clothes_purchase_sale-master (1)/hsyii/index.php(33): CApplication->run()
#19 {main}
REQUEST_URI=/YII_clothes_purchase_sale-master%20(1)/hsyii/index.php?r=goodsInformation/create
HTTP_REFERER=http://localhost/YII_clothes_purchase_sale-master%20(1)/hsyii/index.php?r=GoodsInformation/index
---
2019/11/25 19:58:09 [error] [exception.CHttpException.404] CHttpException: 无法解析请求 "InventoryInformation/index"。 in /var/www/html/YII_clothes_purchase_sale-master (1)/hsyii/framework/web/CWebApplication.php:286
Stack trace:
#0 /var/www/html/YII_clothes_purchase_sale-master (1)/hsyii/framework/web/CWebApplication.php(141): CWebApplication->runController('InventoryInform...')
#1 /var/www/html/YII_clothes_purchase_sale-master (1)/hsyii/framework/base/CApplication.php(185): CWebApplication->processRequest()
#2 /var/www/html/YII_clothes_purchase_sale-master (1)/hsyii/index.php(33): CApplication->run()
#3 {main}
REQUEST_URI=/YII_clothes_purchase_sale-master%20(1)/hsyii/index.php?r=InventoryInformation/index
HTTP_REFERER=http://localhost/YII_clothes_purchase_sale-master%20(1)/hsyii/index.php
---
2019/11/25 22:08:13 [error] [exception.CException] CException: 属性 "StaffMessage.id" 未被定义. in /var/www/html/YII_clothes_purchase_sale-master (1)/hsyii/framework/base/CComponent.php:130
Stack trace:
#0 /var/www/html/YII_clothes_purchase_sale-master (1)/hsyii/framework/db/ar/CActiveRecord.php(145): CComponent->__get('id')
#1 /var/www/html/YII_clothes_purchase_sale-master (1)/hsyii/admin/controllers/IndexController.php(52): CActiveRecord->__get('id')
#2 /var/www/html/YII_clothes_purchase_sale-master (1)/hsyii/framework/web/actions/CInlineAction.php(49): IndexController->actionCheckuser1()
#3 /var/www/html/YII_clothes_purchase_sale-master (1)/hsyii/framework/web/CController.php(308): CInlineAction->runWithParams(Array)
#4 /var/www/html/YII_clothes_purchase_sale-master (1)/hsyii/framework/web/CController.php(286): CController->runAction(Object(CInlineAction))
#5 /var/www/html/YII_clothes_purchase_sale-master (1)/hsyii/framework/web/CController.php(265): CController->runActionWithFilters(Object(CInlineAction), Array)
#6 /var/www/html/YII_clothes_purchase_sale-master (1)/hsyii/framework/web/CWebApplication.php(282): CController->run('checkuser1')
#7 /var/www/html/YII_clothes_purchase_sale-master (1)/hsyii/framework/web/CWebApplication.php(141): CWebApplication->runController('index/checkuser...')
#8 /var/www/html/YII_clothes_purchase_sale-master (1)/hsyii/framework/base/CApplication.php(185): CWebApplication->processRequest()
#9 /var/www/html/YII_clothes_purchase_sale-master (1)/hsyii/index.php(33): CApplication->run()
#10 {main}
REQUEST_URI=/YII_clothes_purchase_sale-master%20(1)/hsyii/index.php?r=index/checkuser1&staff_log_name=Zhang&staff_password=zhang1234
HTTP_REFERER=http://localhost/YII_clothes_purchase_sale-master%20(1)/hsyii/index.php
---
2019/11/25 22:08:15 [error] [exception.CException] CException: 属性 "StaffMessage.id" 未被定义. in /var/www/html/YII_clothes_purchase_sale-master (1)/hsyii/framework/base/CComponent.php:130
Stack trace:
#0 /var/www/html/YII_clothes_purchase_sale-master (1)/hsyii/framework/db/ar/CActiveRecord.php(145): CComponent->__get('id')
#1 /var/www/html/YII_clothes_purchase_sale-master (1)/hsyii/admin/controllers/IndexController.php(52): CActiveRecord->__get('id')
#2 /var/www/html/YII_clothes_purchase_sale-master (1)/hsyii/framework/web/actions/CInlineAction.php(49): IndexController->actionCheckuser1()
#3 /var/www/html/YII_clothes_purchase_sale-master (1)/hsyii/framework/web/CController.php(308): CInlineAction->runWithParams(Array)
#4 /var/www/html/YII_clothes_purchase_sale-master (1)/hsyii/framework/web/CController.php(286): CController->runAction(Object(CInlineAction))
#5 /var/www/html/YII_clothes_purchase_sale-master (1)/hsyii/framework/web/CController.php(265): CController->runActionWithFilters(Object(CInlineAction), Array)
#6 /var/www/html/YII_clothes_purchase_sale-master (1)/hsyii/framework/web/CWebApplication.php(282): CController->run('checkuser1')
#7 /var/www/html/YII_clothes_purchase_sale-master (1)/hsyii/framework/web/CWebApplication.php(141): CWebApplication->runController('index/checkuser...')
#8 /var/www/html/YII_clothes_purchase_sale-master (1)/hsyii/framework/base/CApplication.php(185): CWebApplication->processRequest()
#9 /var/www/html/YII_clothes_purchase_sale-master (1)/hsyii/index.php(33): CApplication->run()
#10 {main}
REQUEST_URI=/YII_clothes_purchase_sale-master%20(1)/hsyii/index.php?r=index/checkuser1&staff_log_name=Zhang&staff_password=zhang1234
HTTP_REFERER=http://localhost/YII_clothes_purchase_sale-master%20(1)/hsyii/index.php
---
2019/11/25 22:08:17 [error] [exception.CException] CException: 属性 "StaffMessage.id" 未被定义. in /var/www/html/YII_clothes_purchase_sale-master (1)/hsyii/framework/base/CComponent.php:130
Stack trace:
#0 /var/www/html/YII_clothes_purchase_sale-master (1)/hsyii/framework/db/ar/CActiveRecord.php(145): CComponent->__get('id')
#1 /var/www/html/YII_clothes_purchase_sale-master (1)/hsyii/admin/controllers/IndexController.php(52): CActiveRecord->__get('id')
#2 /var/www/html/YII_clothes_purchase_sale-master (1)/hsyii/framework/web/actions/CInlineAction.php(49): IndexController->actionCheckuser1()
#3 /var/www/html/YII_clothes_purchase_sale-master (1)/hsyii/framework/web/CController.php(308): CInlineAction->runWithParams(Array)
#4 /var/www/html/YII_clothes_purchase_sale-master (1)/hsyii/framework/web/CController.php(286): CController->runAction(Object(CInlineAction))
#5 /var/www/html/YII_clothes_purchase_sale-master (1)/hsyii/framework/web/CController.php(265): CController->runActionWithFilters(Object(CInlineAction), Array)
#6 /var/www/html/YII_clothes_purchase_sale-master (1)/hsyii/framework/web/CWebApplication.php(282): CController->run('checkuser1')
#7 /var/www/html/YII_clothes_purchase_sale-master (1)/hsyii/framework/web/CWebApplication.php(141): CWebApplication->runController('index/checkuser...')
#8 /var/www/html/YII_clothes_purchase_sale-master (1)/hsyii/framework/base/CApplication.php(185): CWebApplication->processRequest()
#9 /var/www/html/YII_clothes_purchase_sale-master (1)/hsyii/index.php(33): CApplication->run()
#10 {main}
REQUEST_URI=/YII_clothes_purchase_sale-master%20(1)/hsyii/index.php?r=index/checkuser1&staff_log_name=Zhang&staff_password=zhang1234
HTTP_REFERER=http://localhost/YII_clothes_purchase_sale-master%20(1)/hsyii/index.php
---
2019/11/25 22:08:17 [error] [exception.CException] CException: 属性 "StaffMessage.id" 未被定义. in /var/www/html/YII_clothes_purchase_sale-master (1)/hsyii/framework/base/CComponent.php:130
Stack trace:
#0 /var/www/html/YII_clothes_purchase_sale-master (1)/hsyii/framework/db/ar/CActiveRecord.php(145): CComponent->__get('id')
#1 /var/www/html/YII_clothes_purchase_sale-master (1)/hsyii/admin/controllers/IndexController.php(52): CActiveRecord->__get('id')
#2 /var/www/html/YII_clothes_purchase_sale-master (1)/hsyii/framework/web/actions/CInlineAction.php(49): IndexController->actionCheckuser1()
#3 /var/www/html/YII_clothes_purchase_sale-master (1)/hsyii/framework/web/CController.php(308): CInlineAction->runWithParams(Array)
#4 /var/www/html/YII_clothes_purchase_sale-master (1)/hsyii/framework/web/CController.php(286): CController->runAction(Object(CInlineAction))
#5 /var/www/html/YII_clothes_purchase_sale-master (1)/hsyii/framework/web/CController.php(265): CController->runActionWithFilters(Object(CInlineAction), Array)
#6 /var/www/html/YII_clothes_purchase_sale-master (1)/hsyii/framework/web/CWebApplication.php(282): CController->run('checkuser1')
#7 /var/www/html/YII_clothes_purchase_sale-master (1)/hsyii/framework/web/CWebApplication.php(141): CWebApplication->runController('index/checkuser...')
#8 /var/www/html/YII_clothes_purchase_sale-master (1)/hsyii/framework/base/CApplication.php(185): CWebApplication->processRequest()
#9 /var/www/html/YII_clothes_purchase_sale-master (1)/hsyii/index.php(33): CApplication->run()
#10 {main}
REQUEST_URI=/YII_clothes_purchase_sale-master%20(1)/hsyii/index.php?r=index/checkuser1&staff_log_name=Zhang&staff_password=zhang1234
HTTP_REFERER=http://localhost/YII_clothes_purchase_sale-master%20(1)/hsyii/index.php
---
2019/11/25 22:08:20 [error] [exception.CException] CException: 属性 "StaffMessage.id" 未被定义. in /var/www/html/YII_clothes_purchase_sale-master (1)/hsyii/framework/base/CComponent.php:130
Stack trace:
#0 /var/www/html/YII_clothes_purchase_sale-master (1)/hsyii/framework/db/ar/CActiveRecord.php(145): CComponent->__get('id')
#1 /var/www/html/YII_clothes_purchase_sale-master (1)/hsyii/admin/controllers/IndexController.php(52): CActiveRecord->__get('id')
#2 /var/www/html/YII_clothes_purchase_sale-master (1)/hsyii/framework/web/actions/CInlineAction.php(49): IndexController->actionCheckuser1()
#3 /var/www/html/YII_clothes_purchase_sale-master (1)/hsyii/framework/web/CController.php(308): CInlineAction->runWithParams(Array)
#4 /var/www/html/YII_clothes_purchase_sale-master (1)/hsyii/framework/web/CController.php(286): CController->runAction(Object(CInlineAction))
#5 /var/www/html/YII_clothes_purchase_sale-master (1)/hsyii/framework/web/CController.php(265): CController->runActionWithFilters(Object(CInlineAction), Array)
#6 /var/www/html/YII_clothes_purchase_sale-master (1)/hsyii/framework/web/CWebApplication.php(282): CController->run('checkuser1')
#7 /var/www/html/YII_clothes_purchase_sale-master (1)/hsyii/framework/web/CWebApplication.php(141): CWebApplication->runController('index/checkuser...')
#8 /var/www/html/YII_clothes_purchase_sale-master (1)/hsyii/framework/base/CApplication.php(185): CWebApplication->processRequest()
#9 /var/www/html/YII_clothes_purchase_sale-master (1)/hsyii/index.php(33): CApplication->run()
#10 {main}
REQUEST_URI=/YII_clothes_purchase_sale-master%20(1)/hsyii/index.php?r=index/checkuser1&staff_log_name=Zhang&staff_password=zhang1234
HTTP_REFERER=http://localhost/YII_clothes_purchase_sale-master%20(1)/hsyii/index.php
---
2019/11/25 22:08:20 [error] [exception.CException] CException: 属性 "StaffMessage.id" 未被定义. in /var/www/html/YII_clothes_purchase_sale-master (1)/hsyii/framework/base/CComponent.php:130
Stack trace:
#0 /var/www/html/YII_clothes_purchase_sale-master (1)/hsyii/framework/db/ar/CActiveRecord.php(145): CComponent->__get('id')
#1 /var/www/html/YII_clothes_purchase_sale-master (1)/hsyii/admin/controllers/IndexController.php(52): CActiveRecord->__get('id')
#2 /var/www/html/YII_clothes_purchase_sale-master (1)/hsyii/framework/web/actions/CInlineAction.php(49): IndexController->actionCheckuser1()
#3 /var/www/html/YII_clothes_purchase_sale-master (1)/hsyii/framework/web/CController.php(308): CInlineAction->runWithParams(Array)
#4 /var/www/html/YII_clothes_purchase_sale-master (1)/hsyii/framework/web/CController.php(286): CController->runAction(Object(CInlineAction))
#5 /var/www/html/YII_clothes_purchase_sale-master (1)/hsyii/framework/web/CController.php(265): CController->runActionWithFilters(Object(CInlineAction), Array)
#6 /var/www/html/YII_clothes_purchase_sale-master (1)/hsyii/framework/web/CWebApplication.php(282): CController->run('checkuser1')
#7 /var/www/html/YII_clothes_purchase_sale-master (1)/hsyii/framework/web/CWebApplication.php(141): CWebApplication->runController('index/checkuser...')
#8 /var/www/html/YII_clothes_purchase_sale-master (1)/hsyii/framework/base/CApplication.php(185): CWebApplication->processRequest()
#9 /var/www/html/YII_clothes_purchase_sale-master (1)/hsyii/index.php(33): CApplication->run()
#10 {main}
REQUEST_URI=/YII_clothes_purchase_sale-master%20(1)/hsyii/index.php?r=index/checkuser1&staff_log_name=Zhang&staff_password=zhang1234
HTTP_REFERER=http://localhost/YII_clothes_purchase_sale-master%20(1)/hsyii/index.php
---
2019/11/25 22:08:26 [error] [exception.CException] CException: AccountInformationController 无法找到请求的视图 "index". in /var/www/html/YII_clothes_purchase_sale-master (1)/hsyii/framework/web/CController.php:881
Stack trace:
#0 /var/www/html/YII_clothes_purchase_sale-master (1)/hsyii/framework/web/CController.php(785): CController->renderPartial('index', Array, true)
#1 /var/www/html/YII_clothes_purchase_sale-master (1)/hsyii/admin/components/BaseController.php(68): CController->render('index', Array)
#2 /var/www/html/YII_clothes_purchase_sale-master (1)/hsyii/admin/controllers/AccountInformationController.php(64): BaseController->_list(Object(AccountInformation), Object(CDbCriteria), 'index', Array)
#3 [internal function]: AccountInformationController->actionIndex('', '')
#4 /var/www/html/YII_clothes_purchase_sale-master (1)/hsyii/framework/web/actions/CAction.php(109): ReflectionMethod->invokeArgs(Object(AccountInformationController), Array)
#5 /var/www/html/YII_clothes_purchase_sale-master (1)/hsyii/framework/web/actions/CInlineAction.php(47): CAction->runWithParamsInternal(Object(AccountInformationController), Object(ReflectionMethod), Array)
#6 /var/www/html/YII_clothes_purchase_sale-master (1)/hsyii/framework/web/CController.php(308): CInlineAction->runWithParams(Array)
#7 /var/www/html/YII_clothes_purchase_sale-master (1)/hsyii/framework/web/CController.php(286): CController->runAction(Object(CInlineAction))
#8 /var/www/html/YII_clothes_purchase_sale-master (1)/hsyii/framework/web/CController.php(265): CController->runActionWithFilters(Object(CInlineAction), Array)
#9 /var/www/html/YII_clothes_purchase_sale-master (1)/hsyii/framework/web/CWebApplication.php(282): CController->run('index')
#10 /var/www/html/YII_clothes_purchase_sale-master (1)/hsyii/framework/web/CWebApplication.php(141): CWebApplication->runController('AccountInformat...')
#11 /var/www/html/YII_clothes_purchase_sale-master (1)/hsyii/framework/base/CApplication.php(185): CWebApplication->processRequest()
#12 /var/www/html/YII_clothes_purchase_sale-master (1)/hsyii/index.php(33): CApplication->run()
#13 {main}
REQUEST_URI=/YII_clothes_purchase_sale-master%20(1)/hsyii/index.php?r=AccountInformation/index
HTTP_REFERER=http://localhost/YII_clothes_purchase_sale-master%20(1)/hsyii/index.php
---
2019/11/25 22:08:32 [error] [exception.CException] CException: AccountInformationController 无法找到请求的视图 "index". in /var/www/html/YII_clothes_purchase_sale-master (1)/hsyii/framework/web/CController.php:881
Stack trace:
#0 /var/www/html/YII_clothes_purchase_sale-master (1)/hsyii/framework/web/CController.php(785): CController->renderPartial('index', Array, true)
#1 /var/www/html/YII_clothes_purchase_sale-master (1)/hsyii/admin/components/BaseController.php(68): CController->render('index', Array)
#2 /var/www/html/YII_clothes_purchase_sale-master (1)/hsyii/admin/controllers/AccountInformationController.php(64): BaseController->_list(Object(AccountInformation), Object(CDbCriteria), 'index', Array)
#3 [internal function]: AccountInformationController->actionIndex('', '')
#4 /var/www/html/YII_clothes_purchase_sale-master (1)/hsyii/framework/web/actions/CAction.php(109): ReflectionMethod->invokeArgs(Object(AccountInformationController), Array)
#5 /var/www/html/YII_clothes_purchase_sale-master (1)/hsyii/framework/web/actions/CInlineAction.php(47): CAction->runWithParamsInternal(Object(AccountInformationController), Object(ReflectionMethod), Array)
#6 /var/www/html/YII_clothes_purchase_sale-master (1)/hsyii/framework/web/CController.php(308): CInlineAction->runWithParams(Array)
#7 /var/www/html/YII_clothes_purchase_sale-master (1)/hsyii/framework/web/CController.php(286): CController->runAction(Object(CInlineAction))
#8 /var/www/html/YII_clothes_purchase_sale-master (1)/hsyii/framework/web/CController.php(265): CController->runActionWithFilters(Object(CInlineAction), Array)
#9 /var/www/html/YII_clothes_purchase_sale-master (1)/hsyii/framework/web/CWebApplication.php(282): CController->run('index')
#10 /var/www/html/YII_clothes_purchase_sale-master (1)/hsyii/framework/web/CWebApplication.php(141): CWebApplication->runController('AccountInformat...')
#11 /var/www/html/YII_clothes_purchase_sale-master (1)/hsyii/framework/base/CApplication.php(185): CWebApplication->processRequest()
#12 /var/www/html/YII_clothes_purchase_sale-master (1)/hsyii/index.php(33): CApplication->run()
#13 {main}
REQUEST_URI=/YII_clothes_purchase_sale-master%20(1)/hsyii/index.php?r=AccountInformation/index
HTTP_REFERER=http://localhost/YII_clothes_purchase_sale-master%20(1)/hsyii/
---
2019/11/25 22:08:52 [error] [exception.CException] CException: 属性 "StaffMessage.id" 未被定义. in /var/www/html/YII_clothes_purchase_sale-master (1)/hsyii/framework/base/CComponent.php:130
Stack trace:
#0 /var/www/html/YII_clothes_purchase_sale-master (1)/hsyii/framework/db/ar/CActiveRecord.php(145): CComponent->__get('id')
#1 /var/www/html/YII_clothes_purchase_sale-master (1)/hsyii/admin/controllers/IndexController.php(52): CActiveRecord->__get('id')
#2 /var/www/html/YII_clothes_purchase_sale-master (1)/hsyii/framework/web/actions/CInlineAction.php(49): IndexController->actionCheckuser1()
#3 /var/www/html/YII_clothes_purchase_sale-master (1)/hsyii/framework/web/CController.php(308): CInlineAction->runWithParams(Array)
#4 /var/www/html/YII_clothes_purchase_sale-master (1)/hsyii/framework/web/CController.php(286): CController->runAction(Object(CInlineAction))
#5 /var/www/html/YII_clothes_purchase_sale-master (1)/hsyii/framework/web/CController.php(265): CController->runActionWithFilters(Object(CInlineAction), Array)
#6 /var/www/html/YII_clothes_purchase_sale-master (1)/hsyii/framework/web/CWebApplication.php(282): CController->run('checkuser1')
#7 /var/www/html/YII_clothes_purchase_sale-master (1)/hsyii/framework/web/CWebApplication.php(141): CWebApplication->runController('index/checkuser...')
#8 /var/www/html/YII_clothes_purchase_sale-master (1)/hsyii/framework/base/CApplication.php(185): CWebApplication->processRequest()
#9 /var/www/html/YII_clothes_purchase_sale-master (1)/hsyii/index.php(33): CApplication->run()
#10 {main}
REQUEST_URI=/YII_clothes_purchase_sale-master%20(1)/hsyii/index.php?r=index/checkuser1&staff_log_name=Zhou&staff_password=zhou1234
HTTP_REFERER=http://localhost/YII_clothes_purchase_sale-master%20(1)/hsyii/index.php?r=index/logout
---
2019/11/25 22:08:54 [error] [exception.CException] CException: 属性 "StaffMessage.id" 未被定义. in /var/www/html/YII_clothes_purchase_sale-master (1)/hsyii/framework/base/CComponent.php:130
Stack trace:
#0 /var/www/html/YII_clothes_purchase_sale-master (1)/hsyii/framework/db/ar/CActiveRecord.php(145): CComponent->__get('id')
#1 /var/www/html/YII_clothes_purchase_sale-master (1)/hsyii/admin/controllers/IndexController.php(52): CActiveRecord->__get('id')
#2 /var/www/html/YII_clothes_purchase_sale-master (1)/hsyii/framework/web/actions/CInlineAction.php(49): IndexController->actionCheckuser1()
#3 /var/www/html/YII_clothes_purchase_sale-master (1)/hsyii/framework/web/CController.php(308): CInlineAction->runWithParams(Array)
#4 /var/www/html/YII_clothes_purchase_sale-master (1)/hsyii/framework/web/CController.php(286): CController->runAction(Object(CInlineAction))
#5 /var/www/html/YII_clothes_purchase_sale-master (1)/hsyii/framework/web/CController.php(265): CController->runActionWithFilters(Object(CInlineAction), Array)
#6 /var/www/html/YII_clothes_purchase_sale-master (1)/hsyii/framework/web/CWebApplication.php(282): CController->run('checkuser1')
#7 /var/www/html/YII_clothes_purchase_sale-master (1)/hsyii/framework/web/CWebApplication.php(141): CWebApplication->runController('index/checkuser...')
#8 /var/www/html/YII_clothes_purchase_sale-master (1)/hsyii/framework/base/CApplication.php(185): CWebApplication->processRequest()
#9 /var/www/html/YII_clothes_purchase_sale-master (1)/hsyii/index.php(33): CApplication->run()
#10 {main}
REQUEST_URI=/YII_clothes_purchase_sale-master%20(1)/hsyii/index.php?r=index/checkuser1&staff_log_name=Zhou&staff_password=zhou1234
HTTP_REFERER=http://localhost/YII_clothes_purchase_sale-master%20(1)/hsyii/index.php?r=index/logout
---
2019/11/25 22:09:07 [error] [exception.CException] CException: 属性 "StaffMessage.id" 未被定义. in /var/www/html/YII_clothes_purchase_sale-master (1)/hsyii/framework/base/CComponent.php:130
Stack trace:
#0 /var/www/html/YII_clothes_purchase_sale-master (1)/hsyii/framework/db/ar/CActiveRecord.php(145): CComponent->__get('id')
#1 /var/www/html/YII_clothes_purchase_sale-master (1)/hsyii/admin/controllers/IndexController.php(52): CActiveRecord->__get('id')
#2 /var/www/html/YII_clothes_purchase_sale-master (1)/hsyii/framework/web/actions/CInlineAction.php(49): IndexController->actionCheckuser1()
#3 /var/www/html/YII_clothes_purchase_sale-master (1)/hsyii/framework/web/CController.php(308): CInlineAction->runWithParams(Array)
#4 /var/www/html/YII_clothes_purchase_sale-master (1)/hsyii/framework/web/CController.php(286): CController->runAction(Object(CInlineAction))
#5 /var/www/html/YII_clothes_purchase_sale-master (1)/hsyii/framework/web/CController.php(265): CController->runActionWithFilters(Object(CInlineAction), Array)
#6 /var/www/html/YII_clothes_purchase_sale-master (1)/hsyii/framework/web/CWebApplication.php(282): CController->run('checkuser1')
#7 /var/www/html/YII_clothes_purchase_sale-master (1)/hsyii/framework/web/CWebApplication.php(141): CWebApplication->runController('index/checkuser...')
#8 /var/www/html/YII_clothes_purchase_sale-master (1)/hsyii/framework/base/CApplication.php(185): CWebApplication->processRequest()
#9 /var/www/html/YII_clothes_purchase_sale-master (1)/hsyii/index.php(33): CApplication->run()
#10 {main}
REQUEST_URI=/YII_clothes_purchase_sale-master%20(1)/hsyii/index.php?r=index/checkuser1&staff_log_name=Zhou&staff_password=zhou1234
HTTP_REFERER=http://localhost/YII_clothes_purchase_sale-master%20(1)/hsyii/index.php?r=index/logout
---
2019/11/25 22:09:08 [error] [exception.CException] CException: 属性 "StaffMessage.id" 未被定义. in /var/www/html/YII_clothes_purchase_sale-master (1)/hsyii/framework/base/CComponent.php:130
Stack trace:
#0 /var/www/html/YII_clothes_purchase_sale-master (1)/hsyii/framework/db/ar/CActiveRecord.php(145): CComponent->__get('id')
#1 /var/www/html/YII_clothes_purchase_sale-master (1)/hsyii/admin/controllers/IndexController.php(52): CActiveRecord->__get('id')
#2 /var/www/html/YII_clothes_purchase_sale-master (1)/hsyii/framework/web/actions/CInlineAction.php(49): IndexController->actionCheckuser1()
#3 /var/www/html/YII_clothes_purchase_sale-master (1)/hsyii/framework/web/CController.php(308): CInlineAction->runWithParams(Array)
#4 /var/www/html/YII_clothes_purchase_sale-master (1)/hsyii/framework/web/CController.php(286): CController->runAction(Object(CInlineAction))
#5 /var/www/html/YII_clothes_purchase_sale-master (1)/hsyii/framework/web/CController.php(265): CController->runActionWithFilters(Object(CInlineAction), Array)
#6 /var/www/html/YII_clothes_purchase_sale-master (1)/hsyii/framework/web/CWebApplication.php(282): CController->run('checkuser1')
#7 /var/www/html/YII_clothes_purchase_sale-master (1)/hsyii/framework/web/CWebApplication.php(141): CWebApplication->runController('index/checkuser...')
#8 /var/www/html/YII_clothes_purchase_sale-master (1)/hsyii/framework/base/CApplication.php(185): CWebApplication->processRequest()
#9 /var/www/html/YII_clothes_purchase_sale-master (1)/hsyii/index.php(33): CApplication->run()
#10 {main}
REQUEST_URI=/YII_clothes_purchase_sale-master%20(1)/hsyii/index.php?r=index/checkuser1&staff_log_name=Zhou&staff_password=zhou1234
HTTP_REFERER=http://localhost/YII_clothes_purchase_sale-master%20(1)/hsyii/index.php?r=index/logout
---
2019/11/25 22:09:08 [error] [exception.CException] CException: 属性 "StaffMessage.id" 未被定义. in /var/www/html/YII_clothes_purchase_sale-master (1)/hsyii/framework/base/CComponent.php:130
Stack trace:
#0 /var/www/html/YII_clothes_purchase_sale-master (1)/hsyii/framework/db/ar/CActiveRecord.php(145): CComponent->__get('id')
#1 /var/www/html/YII_clothes_purchase_sale-master (1)/hsyii/admin/controllers/IndexController.php(52): CActiveRecord->__get('id')
#2 /var/www/html/YII_clothes_purchase_sale-master (1)/hsyii/framework/web/actions/CInlineAction.php(49): IndexController->actionCheckuser1()
#3 /var/www/html/YII_clothes_purchase_sale-master (1)/hsyii/framework/web/CController.php(308): CInlineAction->runWithParams(Array)
#4 /var/www/html/YII_clothes_purchase_sale-master (1)/hsyii/framework/web/CController.php(286): CController->runAction(Object(CInlineAction))
#5 /var/www/html/YII_clothes_purchase_sale-master (1)/hsyii/framework/web/CController.php(265): CController->runActionWithFilters(Object(CInlineAction), Array)
#6 /var/www/html/YII_clothes_purchase_sale-master (1)/hsyii/framework/web/CWebApplication.php(282): CController->run('checkuser1')
#7 /var/www/html/YII_clothes_purchase_sale-master (1)/hsyii/framework/web/CWebApplication.php(141): CWebApplication->runController('index/checkuser...')
#8 /var/www/html/YII_clothes_purchase_sale-master (1)/hsyii/framework/base/CApplication.php(185): CWebApplication->processRequest()
#9 /var/www/html/YII_clothes_purchase_sale-master (1)/hsyii/index.php(33): CApplication->run()
#10 {main}
REQUEST_URI=/YII_clothes_purchase_sale-master%20(1)/hsyii/index.php?r=index/checkuser1&staff_log_name=Zhou&staff_password=zhou1234
HTTP_REFERER=http://localhost/YII_clothes_purchase_sale-master%20(1)/hsyii/index.php?r=index/logout
---
2019/11/25 22:09:09 [error] [exception.CException] CException: 属性 "StaffMessage.id" 未被定义. in /var/www/html/YII_clothes_purchase_sale-master (1)/hsyii/framework/base/CComponent.php:130
Stack trace:
#0 /var/www/html/YII_clothes_purchase_sale-master (1)/hsyii/framework/db/ar/CActiveRecord.php(145): CComponent->__get('id')
#1 /var/www/html/YII_clothes_purchase_sale-master (1)/hsyii/admin/controllers/IndexController.php(52): CActiveRecord->__get('id')
#2 /var/www/html/YII_clothes_purchase_sale-master (1)/hsyii/framework/web/actions/CInlineAction.php(49): IndexController->actionCheckuser1()
#3 /var/www/html/YII_clothes_purchase_sale-master (1)/hsyii/framework/web/CController.php(308): CInlineAction->runWithParams(Array)
#4 /var/www/html/YII_clothes_purchase_sale-master (1)/hsyii/framework/web/CController.php(286): CController->runAction(Object(CInlineAction))
#5 /var/www/html/YII_clothes_purchase_sale-master (1)/hsyii/framework/web/CController.php(265): CController->runActionWithFilters(Object(CInlineAction), Array)
#6 /var/www/html/YII_clothes_purchase_sale-master (1)/hsyii/framework/web/CWebApplication.php(282): CController->run('checkuser1')
#7 /var/www/html/YII_clothes_purchase_sale-master (1)/hsyii/framework/web/CWebApplication.php(141): CWebApplication->runController('index/checkuser...')
#8 /var/www/html/YII_clothes_purchase_sale-master (1)/hsyii/framework/base/CApplication.php(185): CWebApplication->processRequest()
#9 /var/www/html/YII_clothes_purchase_sale-master (1)/hsyii/index.php(33): CApplication->run()
#10 {main}
REQUEST_URI=/YII_clothes_purchase_sale-master%20(1)/hsyii/index.php?r=index/checkuser1&staff_log_name=Zhou&staff_password=zhou1234
HTTP_REFERER=http://localhost/YII_clothes_purchase_sale-master%20(1)/hsyii/index.php?r=index/logout
---
2019/11/25 22:09:19 [error] [exception.CException] CException: 属性 "StaffMessage.id" 未被定义. in /var/www/html/YII_clothes_purchase_sale-master (1)/hsyii/framework/base/CComponent.php:130
Stack trace:
#0 /var/www/html/YII_clothes_purchase_sale-master (1)/hsyii/framework/db/ar/CActiveRecord.php(145): CComponent->__get('id')
#1 /var/www/html/YII_clothes_purchase_sale-master (1)/hsyii/admin/controllers/IndexController.php(52): CActiveRecord->__get('id')
#2 /var/www/html/YII_clothes_purchase_sale-master (1)/hsyii/framework/web/actions/CInlineAction.php(49): IndexController->actionCheckuser1()
#3 /var/www/html/YII_clothes_purchase_sale-master (1)/hsyii/framework/web/CController.php(308): CInlineAction->runWithParams(Array)
#4 /var/www/html/YII_clothes_purchase_sale-master (1)/hsyii/framework/web/CController.php(286): CController->runAction(Object(CInlineAction))
#5 /var/www/html/YII_clothes_purchase_sale-master (1)/hsyii/framework/web/CController.php(265): CController->runActionWithFilters(Object(CInlineAction), Array)
#6 /var/www/html/YII_clothes_purchase_sale-master (1)/hsyii/framework/web/CWebApplication.php(282): CController->run('checkuser1')
#7 /var/www/html/YII_clothes_purchase_sale-master (1)/hsyii/framework/web/CWebApplication.php(141): CWebApplication->runController('index/checkuser...')
#8 /var/www/html/YII_clothes_purchase_sale-master (1)/hsyii/framework/base/CApplication.php(185): CWebApplication->processRequest()
#9 /var/www/html/YII_clothes_purchase_sale-master (1)/hsyii/index.php(33): CApplication->run()
#10 {main}
REQUEST_URI=/YII_clothes_purchase_sale-master%20(1)/hsyii/index.php?r=index/checkuser1&staff_log_name=Zhou&staff_password=zhou1234
HTTP_REFERER=http://localhost/YII_clothes_purchase_sale-master%20(1)/hsyii/index.php?r=index/logout
---
2019/11/25 22:09:19 [error] [exception.CException] CException: 属性 "StaffMessage.id" 未被定义. in /var/www/html/YII_clothes_purchase_sale-master (1)/hsyii/framework/base/CComponent.php:130
Stack trace:
#0 /var/www/html/YII_clothes_purchase_sale-master (1)/hsyii/framework/db/ar/CActiveRecord.php(145): CComponent->__get('id')
#1 /var/www/html/YII_clothes_purchase_sale-master (1)/hsyii/admin/controllers/IndexController.php(52): CActiveRecord->__get('id')
#2 /var/www/html/YII_clothes_purchase_sale-master (1)/hsyii/framework/web/actions/CInlineAction.php(49): IndexController->actionCheckuser1()
#3 /var/www/html/YII_clothes_purchase_sale-master (1)/hsyii/framework/web/CController.php(308): CInlineAction->runWithParams(Array)
#4 /var/www/html/YII_clothes_purchase_sale-master (1)/hsyii/framework/web/CController.php(286): CController->runAction(Object(CInlineAction))
#5 /var/www/html/YII_clothes_purchase_sale-master (1)/hsyii/framework/web/CController.php(265): CController->runActionWithFilters(Object(CInlineAction), Array)
#6 /var/www/html/YII_clothes_purchase_sale-master (1)/hsyii/framework/web/CWebApplication.php(282): CController->run('checkuser1')
#7 /var/www/html/YII_clothes_purchase_sale-master (1)/hsyii/framework/web/CWebApplication.php(141): CWebApplication->runController('index/checkuser...')
#8 /var/www/html/YII_clothes_purchase_sale-master (1)/hsyii/framework/base/CApplication.php(185): CWebApplication->processRequest()
#9 /var/www/html/YII_clothes_purchase_sale-master (1)/hsyii/index.php(33): CApplication->run()
#10 {main}
REQUEST_URI=/YII_clothes_purchase_sale-master%20(1)/hsyii/index.php?r=index/checkuser1&staff_log_name=Zhou&staff_password=zhou1234
HTTP_REFERER=http://localhost/YII_clothes_purchase_sale-master%20(1)/hsyii/index.php?r=index/logout
---
2019/11/25 22:09:20 [error] [exception.CException] CException: 属性 "StaffMessage.id" 未被定义. in /var/www/html/YII_clothes_purchase_sale-master (1)/hsyii/framework/base/CComponent.php:130
Stack trace:
#0 /var/www/html/YII_clothes_purchase_sale-master (1)/hsyii/framework/db/ar/CActiveRecord.php(145): CComponent->__get('id')
#1 /var/www/html/YII_clothes_purchase_sale-master (1)/hsyii/admin/controllers/IndexController.php(52): CActiveRecord->__get('id')
#2 /var/www/html/YII_clothes_purchase_sale-master (1)/hsyii/framework/web/actions/CInlineAction.php(49): IndexController->actionCheckuser1()
#3 /var/www/html/YII_clothes_purchase_sale-master (1)/hsyii/framework/web/CController.php(308): CInlineAction->runWithParams(Array)
#4 /var/www/html/YII_clothes_purchase_sale-master (1)/hsyii/framework/web/CController.php(286): CController->runAction(Object(CInlineAction))
#5 /var/www/html/YII_clothes_purchase_sale-master (1)/hsyii/framework/web/CController.php(265): CController->runActionWithFilters(Object(CInlineAction), Array)
#6 /var/www/html/YII_clothes_purchase_sale-master (1)/hsyii/framework/web/CWebApplication.php(282): CController->run('checkuser1')
#7 /var/www/html/YII_clothes_purchase_sale-master (1)/hsyii/framework/web/CWebApplication.php(141): CWebApplication->runController('index/checkuser...')
#8 /var/www/html/YII_clothes_purchase_sale-master (1)/hsyii/framework/base/CApplication.php(185): CWebApplication->processRequest()
#9 /var/www/html/YII_clothes_purchase_sale-master (1)/hsyii/index.php(33): CApplication->run()
#10 {main}
REQUEST_URI=/YII_clothes_purchase_sale-master%20(1)/hsyii/index.php?r=index/checkuser1&staff_log_name=Zhou&staff_password=zhou1234
HTTP_REFERER=http://localhost/YII_clothes_purchase_sale-master%20(1)/hsyii/index.php?r=index/logout
---
2019/11/25 22:09:41 [error] [exception.CException] CException: 属性 "StaffMessage.id" 未被定义. in /var/www/html/YII_clothes_purchase_sale-master (1)/hsyii/framework/base/CComponent.php:130
Stack trace:
#0 /var/www/html/YII_clothes_purchase_sale-master (1)/hsyii/framework/db/ar/CActiveRecord.php(145): CComponent->__get('id')
#1 /var/www/html/YII_clothes_purchase_sale-master (1)/hsyii/admin/controllers/IndexController.php(52): CActiveRecord->__get('id')
#2 /var/www/html/YII_clothes_purchase_sale-master (1)/hsyii/framework/web/actions/CInlineAction.php(49): IndexController->actionCheckuser1()
#3 /var/www/html/YII_clothes_purchase_sale-master (1)/hsyii/framework/web/CController.php(308): CInlineAction->runWithParams(Array)
#4 /var/www/html/YII_clothes_purchase_sale-master (1)/hsyii/framework/web/CController.php(286): CController->runAction(Object(CInlineAction))
#5 /var/www/html/YII_clothes_purchase_sale-master (1)/hsyii/framework/web/CController.php(265): CController->runActionWithFilters(Object(CInlineAction), Array)
#6 /var/www/html/YII_clothes_purchase_sale-master (1)/hsyii/framework/web/CWebApplication.php(282): CController->run('checkuser1')
#7 /var/www/html/YII_clothes_purchase_sale-master (1)/hsyii/framework/web/CWebApplication.php(141): CWebApplication->runController('index/checkuser...')
#8 /var/www/html/YII_clothes_purchase_sale-master (1)/hsyii/framework/base/CApplication.php(185): CWebApplication->processRequest()
#9 /var/www/html/YII_clothes_purchase_sale-master (1)/hsyii/index.php(33): CApplication->run()
#10 {main}
REQUEST_URI=/YII_clothes_purchase_sale-master%20(1)/hsyii/index.php?r=index/checkuser1&staff_log_name=Zhou&staff_password=zhou1234
HTTP_REFERER=http://localhost/YII_clothes_purchase_sale-master%20(1)/hsyii/
---
2019/11/25 22:09:42 [error] [exception.CException] CException: 属性 "StaffMessage.id" 未被定义. in /var/www/html/YII_clothes_purchase_sale-master (1)/hsyii/framework/base/CComponent.php:130
Stack trace:
#0 /var/www/html/YII_clothes_purchase_sale-master (1)/hsyii/framework/db/ar/CActiveRecord.php(145): CComponent->__get('id')
#1 /var/www/html/YII_clothes_purchase_sale-master (1)/hsyii/admin/controllers/IndexController.php(52): CActiveRecord->__get('id')
#2 /var/www/html/YII_clothes_purchase_sale-master (1)/hsyii/framework/web/actions/CInlineAction.php(49): IndexController->actionCheckuser1()
#3 /var/www/html/YII_clothes_purchase_sale-master (1)/hsyii/framework/web/CController.php(308): CInlineAction->runWithParams(Array)
#4 /var/www/html/YII_clothes_purchase_sale-master (1)/hsyii/framework/web/CController.php(286): CController->runAction(Object(CInlineAction))
#5 /var/www/html/YII_clothes_purchase_sale-master (1)/hsyii/framework/web/CController.php(265): CController->runActionWithFilters(Object(CInlineAction), Array)
#6 /var/www/html/YII_clothes_purchase_sale-master (1)/hsyii/framework/web/CWebApplication.php(282): CController->run('checkuser1')
#7 /var/www/html/YII_clothes_purchase_sale-master (1)/hsyii/framework/web/CWebApplication.php(141): CWebApplication->runController('index/checkuser...')
#8 /var/www/html/YII_clothes_purchase_sale-master (1)/hsyii/framework/base/CApplication.php(185): CWebApplication->processRequest()
#9 /var/www/html/YII_clothes_purchase_sale-master (1)/hsyii/index.php(33): CApplication->run()
#10 {main}
REQUEST_URI=/YII_clothes_purchase_sale-master%20(1)/hsyii/index.php?r=index/checkuser1&staff_log_name=Zhou&staff_password=zhou1234
HTTP_REFERER=http://localhost/YII_clothes_purchase_sale-master%20(1)/hsyii/
---
2019/11/25 22:09:43 [error] [exception.CException] CException: 属性 "StaffMessage.id" 未被定义. in /var/www/html/YII_clothes_purchase_sale-master (1)/hsyii/framework/base/CComponent.php:130
Stack trace:
#0 /var/www/html/YII_clothes_purchase_sale-master (1)/hsyii/framework/db/ar/CActiveRecord.php(145): CComponent->__get('id')
#1 /var/www/html/YII_clothes_purchase_sale-master (1)/hsyii/admin/controllers/IndexController.php(52): CActiveRecord->__get('id')
#2 /var/www/html/YII_clothes_purchase_sale-master (1)/hsyii/framework/web/actions/CInlineAction.php(49): IndexController->actionCheckuser1()
#3 /var/www/html/YII_clothes_purchase_sale-master (1)/hsyii/framework/web/CController.php(308): CInlineAction->runWithParams(Array)
#4 /var/www/html/YII_clothes_purchase_sale-master (1)/hsyii/framework/web/CController.php(286): CController->runAction(Object(CInlineAction))
#5 /var/www/html/YII_clothes_purchase_sale-master (1)/hsyii/framework/web/CController.php(265): CController->runActionWithFilters(Object(CInlineAction), Array)
#6 /var/www/html/YII_clothes_purchase_sale-master (1)/hsyii/framework/web/CWebApplication.php(282): CController->run('checkuser1')
#7 /var/www/html/YII_clothes_purchase_sale-master (1)/hsyii/framework/web/CWebApplication.php(141): CWebApplication->runController('index/checkuser...')
#8 /var/www/html/YII_clothes_purchase_sale-master (1)/hsyii/framework/base/CApplication.php(185): CWebApplication->processRequest()
#9 /var/www/html/YII_clothes_purchase_sale-master (1)/hsyii/index.php(33): CApplication->run()
#10 {main}
REQUEST_URI=/YII_clothes_purchase_sale-master%20(1)/hsyii/index.php?r=index/checkuser1&staff_log_name=Zhou&staff_password=zhou1234
HTTP_REFERER=http://localhost/YII_clothes_purchase_sale-master%20(1)/hsyii/
---
2019/11/25 22:09:43 [error] [exception.CException] CException: 属性 "StaffMessage.id" 未被定义. in /var/www/html/YII_clothes_purchase_sale-master (1)/hsyii/framework/base/CComponent.php:130
Stack trace:
#0 /var/www/html/YII_clothes_purchase_sale-master (1)/hsyii/framework/db/ar/CActiveRecord.php(145): CComponent->__get('id')
#1 /var/www/html/YII_clothes_purchase_sale-master (1)/hsyii/admin/controllers/IndexController.php(52): CActiveRecord->__get('id')
#2 /var/www/html/YII_clothes_purchase_sale-master (1)/hsyii/framework/web/actions/CInlineAction.php(49): IndexController->actionCheckuser1()
#3 /var/www/html/YII_clothes_purchase_sale-master (1)/hsyii/framework/web/CController.php(308): CInlineAction->runWithParams(Array)
#4 /var/www/html/YII_clothes_purchase_sale-master (1)/hsyii/framework/web/CController.php(286): CController->runAction(Object(CInlineAction))
#5 /var/www/html/YII_clothes_purchase_sale-master (1)/hsyii/framework/web/CController.php(265): CController->runActionWithFilters(Object(CInlineAction), Array)
#6 /var/www/html/YII_clothes_purchase_sale-master (1)/hsyii/framework/web/CWebApplication.php(282): CController->run('checkuser1')
#7 /var/www/html/YII_clothes_purchase_sale-master (1)/hsyii/framework/web/CWebApplication.php(141): CWebApplication->runController('index/checkuser...')
#8 /var/www/html/YII_clothes_purchase_sale-master (1)/hsyii/framework/base/CApplication.php(185): CWebApplication->processRequest()
#9 /var/www/html/YII_clothes_purchase_sale-master (1)/hsyii/index.php(33): CApplication->run()
#10 {main}
REQUEST_URI=/YII_clothes_purchase_sale-master%20(1)/hsyii/index.php?r=index/checkuser1&staff_log_name=Zhou&staff_password=zhou1234
HTTP_REFERER=http://localhost/YII_clothes_purchase_sale-master%20(1)/hsyii/
---
2019/11/25 22:46:05 [error] [php] Undefined variable: model (/var/www/html/YII_clothes_purchase_sale-master (1)/hsyii/admin/controllers/IndexController.php:46)
Stack trace:
#0 /var/www/html/YII_clothes_purchase_sale-master (1)/hsyii/framework/web/CController.php(286): IndexController->runAction()
#1 /var/www/html/YII_clothes_purchase_sale-master (1)/hsyii/framework/web/CController.php(265): IndexController->runActionWithFilters()
#2 /var/www/html/YII_clothes_purchase_sale-master (1)/hsyii/framework/web/CWebApplication.php(282): IndexController->run()
#3 /var/www/html/YII_clothes_purchase_sale-master (1)/hsyii/framework/web/CWebApplication.php(141): CWebApplication->runController()
#4 /var/www/html/YII_clothes_purchase_sale-master (1)/hsyii/framework/base/CApplication.php(185): CWebApplication->processRequest()
#5 /var/www/html/YII_clothes_purchase_sale-master (1)/hsyii/index.php(33): CWebApplication->run()
REQUEST_URI=/YII_clothes_purchase_sale-master%20(1)/hsyii/index.php?r=index/checkuser1&staff_log_name=Zhou&staff_password=zhou1234
2019/11/25 22:46:10 [error] [php] Undefined variable: model (/var/www/html/YII_clothes_purchase_sale-master (1)/hsyii/admin/controllers/IndexController.php:46)
Stack trace:
#0 /var/www/html/YII_clothes_purchase_sale-master (1)/hsyii/framework/web/CController.php(286): IndexController->runAction()
#1 /var/www/html/YII_clothes_purchase_sale-master (1)/hsyii/framework/web/CController.php(265): IndexController->runActionWithFilters()
#2 /var/www/html/YII_clothes_purchase_sale-master (1)/hsyii/framework/web/CWebApplication.php(282): IndexController->run()
#3 /var/www/html/YII_clothes_purchase_sale-master (1)/hsyii/framework/web/CWebApplication.php(141): CWebApplication->runController()
#4 /var/www/html/YII_clothes_purchase_sale-master (1)/hsyii/framework/base/CApplication.php(185): CWebApplication->processRequest()
#5 /var/www/html/YII_clothes_purchase_sale-master (1)/hsyii/index.php(33): CWebApplication->run()
REQUEST_URI=/YII_clothes_purchase_sale-master%20(1)/hsyii/index.php?r=index/checkuser1&staff_log_name=&staff_password=
2019/11/25 22:46:18 [error] [php] Undefined variable: model (/var/www/html/YII_clothes_purchase_sale-master (1)/hsyii/admin/controllers/IndexController.php:46)
Stack trace:
#0 /var/www/html/YII_clothes_purchase_sale-master (1)/hsyii/framework/web/CController.php(286): IndexController->runAction()
#1 /var/www/html/YII_clothes_purchase_sale-master (1)/hsyii/framework/web/CController.php(265): IndexController->runActionWithFilters()
#2 /var/www/html/YII_clothes_purchase_sale-master (1)/hsyii/framework/web/CWebApplication.php(282): IndexController->run()
#3 /var/www/html/YII_clothes_purchase_sale-master (1)/hsyii/framework/web/CWebApplication.php(141): CWebApplication->runController()
#4 /var/www/html/YII_clothes_purchase_sale-master (1)/hsyii/framework/base/CApplication.php(185): CWebApplication->processRequest()
#5 /var/www/html/YII_clothes_purchase_sale-master (1)/hsyii/index.php(33): CWebApplication->run()
REQUEST_URI=/YII_clothes_purchase_sale-master%20(1)/hsyii/index.php?r=index/checkuser1&staff_log_name=Zhou&staff_password=zhou1234
2019/11/25 22:46:42 [error] [php] Undefined variable: model (/var/www/html/YII_clothes_purchase_sale-master (1)/hsyii/admin/controllers/IndexController.php:46)
Stack trace:
#0 /var/www/html/YII_clothes_purchase_sale-master (1)/hsyii/framework/web/CController.php(286): IndexController->runAction()
#1 /var/www/html/YII_clothes_purchase_sale-master (1)/hsyii/framework/web/CController.php(265): IndexController->runActionWithFilters()
#2 /var/www/html/YII_clothes_purchase_sale-master (1)/hsyii/framework/web/CWebApplication.php(282): IndexController->run()
#3 /var/www/html/YII_clothes_purchase_sale-master (1)/hsyii/framework/web/CWebApplication.php(141): CWebApplication->runController()
#4 /var/www/html/YII_clothes_purchase_sale-master (1)/hsyii/framework/base/CApplication.php(185): CWebApplication->processRequest()
#5 /var/www/html/YII_clothes_purchase_sale-master (1)/hsyii/index.php(33): CWebApplication->run()
REQUEST_URI=/YII_clothes_purchase_sale-master%20(1)/hsyii/index.php?r=index/checkuser1&staff_log_name=Zhou&staff_password=zhou1234
2019/11/25 22:47:01 [error] [php] Undefined variable: model (/var/www/html/YII_clothes_purchase_sale-master (1)/hsyii/admin/controllers/IndexController.php:46)
Stack trace:
#0 /var/www/html/YII_clothes_purchase_sale-master (1)/hsyii/framework/web/CController.php(286): IndexController->runAction()
#1 /var/www/html/YII_clothes_purchase_sale-master (1)/hsyii/framework/web/CController.php(265): IndexController->runActionWithFilters()
#2 /var/www/html/YII_clothes_purchase_sale-master (1)/hsyii/framework/web/CWebApplication.php(282): IndexController->run()
#3 /var/www/html/YII_clothes_purchase_sale-master (1)/hsyii/framework/web/CWebApplication.php(141): CWebApplication->runController()
#4 /var/www/html/YII_clothes_purchase_sale-master (1)/hsyii/framework/base/CApplication.php(185): CWebApplication->processRequest()
#5 /var/www/html/YII_clothes_purchase_sale-master (1)/hsyii/index.php(33): CWebApplication->run()
REQUEST_URI=/YII_clothes_purchase_sale-master%20(1)/hsyii/index.php?r=index/checkuser1&staff_log_name=&staff_password=
2019/11/25 22:49:13 [error] [php] Undefined variable: model (/var/www/html/YII_clothes_purchase_sale-master (1)/hsyii/admin/controllers/IndexController.php:46)
Stack trace:
#0 /var/www/html/YII_clothes_purchase_sale-master (1)/hsyii/framework/web/CController.php(286): IndexController->runAction()
#1 /var/www/html/YII_clothes_purchase_sale-master (1)/hsyii/framework/web/CController.php(265): IndexController->runActionWithFilters()
#2 /var/www/html/YII_clothes_purchase_sale-master (1)/hsyii/framework/web/CWebApplication.php(282): IndexController->run()
#3 /var/www/html/YII_clothes_purchase_sale-master (1)/hsyii/framework/web/CWebApplication.php(141): CWebApplication->runController()
#4 /var/www/html/YII_clothes_purchase_sale-master (1)/hsyii/framework/base/CApplication.php(185): CWebApplication->processRequest()
#5 /var/www/html/YII_clothes_purchase_sale-master (1)/hsyii/index.php(33): CWebApplication->run()
REQUEST_URI=/YII_clothes_purchase_sale-master%20(1)/hsyii/index.php?r=index/checkuser1&staff_log_name=&staff_password=
2019/11/25 22:49:25 [error] [php] Undefined variable: model (/var/www/html/YII_clothes_purchase_sale-master (1)/hsyii/admin/controllers/IndexController.php:46)
Stack trace:
#0 /var/www/html/YII_clothes_purchase_sale-master (1)/hsyii/framework/web/CController.php(286): IndexController->runAction()
#1 /var/www/html/YII_clothes_purchase_sale-master (1)/hsyii/framework/web/CController.php(265): IndexController->runActionWithFilters()
#2 /var/www/html/YII_clothes_purchase_sale-master (1)/hsyii/framework/web/CWebApplication.php(282): IndexController->run()
#3 /var/www/html/YII_clothes_purchase_sale-master (1)/hsyii/framework/web/CWebApplication.php(141): CWebApplication->runController()
#4 /var/www/html/YII_clothes_purchase_sale-master (1)/hsyii/framework/base/CApplication.php(185): CWebApplication->processRequest()
#5 /var/www/html/YII_clothes_purchase_sale-master (1)/hsyii/index.php(33): CWebApplication->run()
REQUEST_URI=/YII_clothes_purchase_sale-master%20(1)/hsyii/index.php?r=index/checkuser1&staff_log_name=&staff_password=
2019/11/25 22:49:25 [error] [php] Undefined variable: model (/var/www/html/YII_clothes_purchase_sale-master (1)/hsyii/admin/controllers/IndexController.php:46)
Stack trace:
#0 /var/www/html/YII_clothes_purchase_sale-master (1)/hsyii/framework/web/CController.php(286): IndexController->runAction()
#1 /var/www/html/YII_clothes_purchase_sale-master (1)/hsyii/framework/web/CController.php(265): IndexController->runActionWithFilters()
#2 /var/www/html/YII_clothes_purchase_sale-master (1)/hsyii/framework/web/CWebApplication.php(282): IndexController->run()
#3 /var/www/html/YII_clothes_purchase_sale-master (1)/hsyii/framework/web/CWebApplication.php(141): CWebApplication->runController()
#4 /var/www/html/YII_clothes_purchase_sale-master (1)/hsyii/framework/base/CApplication.php(185): CWebApplication->processRequest()
#5 /var/www/html/YII_clothes_purchase_sale-master (1)/hsyii/index.php(33): CWebApplication->run()
REQUEST_URI=/YII_clothes_purchase_sale-master%20(1)/hsyii/index.php?r=index/checkuser1&staff_log_name=&staff_password=
2019/11/25 22:49:36 [error] [php] Undefined variable: model (/var/www/html/YII_clothes_purchase_sale-master (1)/hsyii/admin/controllers/IndexController.php:46)
Stack trace:
#0 /var/www/html/YII_clothes_purchase_sale-master (1)/hsyii/framework/web/CController.php(286): IndexController->runAction()
#1 /var/www/html/YII_clothes_purchase_sale-master (1)/hsyii/framework/web/CController.php(265): IndexController->runActionWithFilters()
#2 /var/www/html/YII_clothes_purchase_sale-master (1)/hsyii/framework/web/CWebApplication.php(282): IndexController->run()
#3 /var/www/html/YII_clothes_purchase_sale-master (1)/hsyii/framework/web/CWebApplication.php(141): CWebApplication->runController()
#4 /var/www/html/YII_clothes_purchase_sale-master (1)/hsyii/framework/base/CApplication.php(185): CWebApplication->processRequest()
#5 /var/www/html/YII_clothes_purchase_sale-master (1)/hsyii/index.php(33): CWebApplication->run()
REQUEST_URI=/YII_clothes_purchase_sale-master%20(1)/hsyii/index.php?r=index/checkuser1&staff_log_name=Zhou&staff_password=zhou1234
2019/11/25 22:49:37 [error] [php] Undefined variable: model (/var/www/html/YII_clothes_purchase_sale-master (1)/hsyii/admin/controllers/IndexController.php:46)
Stack trace:
#0 /var/www/html/YII_clothes_purchase_sale-master (1)/hsyii/framework/web/CController.php(286): IndexController->runAction()
#1 /var/www/html/YII_clothes_purchase_sale-master (1)/hsyii/framework/web/CController.php(265): IndexController->runActionWithFilters()
#2 /var/www/html/YII_clothes_purchase_sale-master (1)/hsyii/framework/web/CWebApplication.php(282): IndexController->run()
#3 /var/www/html/YII_clothes_purchase_sale-master (1)/hsyii/framework/web/CWebApplication.php(141): CWebApplication->runController()
#4 /var/www/html/YII_clothes_purchase_sale-master (1)/hsyii/framework/base/CApplication.php(185): CWebApplication->processRequest()
#5 /var/www/html/YII_clothes_purchase_sale-master (1)/hsyii/index.php(33): CWebApplication->run()
REQUEST_URI=/YII_clothes_purchase_sale-master%20(1)/hsyii/index.php?r=index/checkuser1&staff_log_name=Zhou&staff_password=zhou1234
2019/11/25 22:49:37 [error] [php] Undefined variable: model (/var/www/html/YII_clothes_purchase_sale-master (1)/hsyii/admin/controllers/IndexController.php:46)
Stack trace:
#0 /var/www/html/YII_clothes_purchase_sale-master (1)/hsyii/framework/web/CController.php(286): IndexController->runAction()
#1 /var/www/html/YII_clothes_purchase_sale-master (1)/hsyii/framework/web/CController.php(265): IndexController->runActionWithFilters()
#2 /var/www/html/YII_clothes_purchase_sale-master (1)/hsyii/framework/web/CWebApplication.php(282): IndexController->run()
#3 /var/www/html/YII_clothes_purchase_sale-master (1)/hsyii/framework/web/CWebApplication.php(141): CWebApplication->runController()
#4 /var/www/html/YII_clothes_purchase_sale-master (1)/hsyii/framework/base/CApplication.php(185): CWebApplication->processRequest()
#5 /var/www/html/YII_clothes_purchase_sale-master (1)/hsyii/index.php(33): CWebApplication->run()
REQUEST_URI=/YII_clothes_purchase_sale-master%20(1)/hsyii/index.php?r=index/checkuser1&staff_log_name=Zhou&staff_password=zhou1234
2019/11/25 22:49:37 [error] [php] Undefined variable: model (/var/www/html/YII_clothes_purchase_sale-master (1)/hsyii/admin/controllers/IndexController.php:46)
Stack trace:
#0 /var/www/html/YII_clothes_purchase_sale-master (1)/hsyii/framework/web/CController.php(286): IndexController->runAction()
#1 /var/www/html/YII_clothes_purchase_sale-master (1)/hsyii/framework/web/CController.php(265): IndexController->runActionWithFilters()
#2 /var/www/html/YII_clothes_purchase_sale-master (1)/hsyii/framework/web/CWebApplication.php(282): IndexController->run()
#3 /var/www/html/YII_clothes_purchase_sale-master (1)/hsyii/framework/web/CWebApplication.php(141): CWebApplication->runController()
#4 /var/www/html/YII_clothes_purchase_sale-master (1)/hsyii/framework/base/CApplication.php(185): CWebApplication->processRequest()
#5 /var/www/html/YII_clothes_purchase_sale-master (1)/hsyii/index.php(33): CWebApplication->run()
REQUEST_URI=/YII_clothes_purchase_sale-master%20(1)/hsyii/index.php?r=index/checkuser1&staff_log_name=Zhou&staff_password=zhou1234
2019/11/25 22:49:40 [error] [php] Undefined variable: model (/var/www/html/YII_clothes_purchase_sale-master (1)/hsyii/admin/controllers/IndexController.php:46)
Stack trace:
#0 /var/www/html/YII_clothes_purchase_sale-master (1)/hsyii/framework/web/CController.php(286): IndexController->runAction()
#1 /var/www/html/YII_clothes_purchase_sale-master (1)/hsyii/framework/web/CController.php(265): IndexController->runActionWithFilters()
#2 /var/www/html/YII_clothes_purchase_sale-master (1)/hsyii/framework/web/CWebApplication.php(282): IndexController->run()
#3 /var/www/html/YII_clothes_purchase_sale-master (1)/hsyii/framework/web/CWebApplication.php(141): CWebApplication->runController()
#4 /var/www/html/YII_clothes_purchase_sale-master (1)/hsyii/framework/base/CApplication.php(185): CWebApplication->processRequest()
#5 /var/www/html/YII_clothes_purchase_sale-master (1)/hsyii/index.php(33): CWebApplication->run()
REQUEST_URI=/YII_clothes_purchase_sale-master%20(1)/hsyii/index.php?r=index/checkuser1&staff_log_name=&staff_password=
2019/11/25 22:50:16 [error] [php] Undefined variable: model (/var/www/html/YII_clothes_purchase_sale-master (1)/hsyii/admin/controllers/IndexController.php:46)
Stack trace:
#0 /var/www/html/YII_clothes_purchase_sale-master (1)/hsyii/framework/web/CController.php(286): IndexController->runAction()
#1 /var/www/html/YII_clothes_purchase_sale-master (1)/hsyii/framework/web/CController.php(265): IndexController->runActionWithFilters()
#2 /var/www/html/YII_clothes_purchase_sale-master (1)/hsyii/framework/web/CWebApplication.php(282): IndexController->run()
#3 /var/www/html/YII_clothes_purchase_sale-master (1)/hsyii/framework/web/CWebApplication.php(141): CWebApplication->runController()
#4 /var/www/html/YII_clothes_purchase_sale-master (1)/hsyii/framework/base/CApplication.php(185): CWebApplication->processRequest()
#5 /var/www/html/YII_clothes_purchase_sale-master (1)/hsyii/index.php(33): CWebApplication->run()
REQUEST_URI=/YII_clothes_purchase_sale-master%20(1)/hsyii/index.php?r=index/checkuser1&staff_log_name=Zhou&staff_password=11
2019/11/25 22:50:17 [error] [php] Undefined variable: model (/var/www/html/YII_clothes_purchase_sale-master (1)/hsyii/admin/controllers/IndexController.php:46)
Stack trace:
#0 /var/www/html/YII_clothes_purchase_sale-master (1)/hsyii/framework/web/CController.php(286): IndexController->runAction()
#1 /var/www/html/YII_clothes_purchase_sale-master (1)/hsyii/framework/web/CController.php(265): IndexController->runActionWithFilters()
#2 /var/www/html/YII_clothes_purchase_sale-master (1)/hsyii/framework/web/CWebApplication.php(282): IndexController->run()
#3 /var/www/html/YII_clothes_purchase_sale-master (1)/hsyii/framework/web/CWebApplication.php(141): CWebApplication->runController()
#4 /var/www/html/YII_clothes_purchase_sale-master (1)/hsyii/framework/base/CApplication.php(185): CWebApplication->processRequest()
#5 /var/www/html/YII_clothes_purchase_sale-master (1)/hsyii/index.php(33): CWebApplication->run()
REQUEST_URI=/YII_clothes_purchase_sale-master%20(1)/hsyii/index.php?r=index/checkuser1&staff_log_name=Zhou&staff_password=11
2019/11/25 22:50:17 [error] [php] Undefined variable: model (/var/www/html/YII_clothes_purchase_sale-master (1)/hsyii/admin/controllers/IndexController.php:46)
Stack trace:
#0 /var/www/html/YII_clothes_purchase_sale-master (1)/hsyii/framework/web/CController.php(286): IndexController->runAction()
#1 /var/www/html/YII_clothes_purchase_sale-master (1)/hsyii/framework/web/CController.php(265): IndexController->runActionWithFilters()
#2 /var/www/html/YII_clothes_purchase_sale-master (1)/hsyii/framework/web/CWebApplication.php(282): IndexController->run()
#3 /var/www/html/YII_clothes_purchase_sale-master (1)/hsyii/framework/web/CWebApplication.php(141): CWebApplication->runController()
#4 /var/www/html/YII_clothes_purchase_sale-master (1)/hsyii/framework/base/CApplication.php(185): CWebApplication->processRequest()
#5 /var/www/html/YII_clothes_purchase_sale-master (1)/hsyii/index.php(33): CWebApplication->run()
REQUEST_URI=/YII_clothes_purchase_sale-master%20(1)/hsyii/index.php?r=index/checkuser1&staff_log_name=Zhou&staff_password=11
2019/11/25 22:59:31 [error] [exception.CException] CException: 属性 "StaffMessage.id" 未被定义. in /var/www/html/YII_clothes_purchase_sale-master (1)/hsyii/framework/base/CComponent.php:130
Stack trace:
#0 /var/www/html/YII_clothes_purchase_sale-master (1)/hsyii/framework/db/ar/CActiveRecord.php(145): CComponent->__get('id')
#1 /var/www/html/YII_clothes_purchase_sale-master (1)/hsyii/admin/controllers/IndexController.php(54): CActiveRecord->__get('id')
#2 /var/www/html/YII_clothes_purchase_sale-master (1)/hsyii/framework/web/actions/CInlineAction.php(49): IndexController->actionCheckuser1()
#3 /var/www/html/YII_clothes_purchase_sale-master (1)/hsyii/framework/web/CController.php(308): CInlineAction->runWithParams(Array)
#4 /var/www/html/YII_clothes_purchase_sale-master (1)/hsyii/framework/web/CController.php(286): CController->runAction(Object(CInlineAction))
#5 /var/www/html/YII_clothes_purchase_sale-master (1)/hsyii/framework/web/CController.php(265): CController->runActionWithFilters(Object(CInlineAction), Array)
#6 /var/www/html/YII_clothes_purchase_sale-master (1)/hsyii/framework/web/CWebApplication.php(282): CController->run('checkuser1')
#7 /var/www/html/YII_clothes_purchase_sale-master (1)/hsyii/framework/web/CWebApplication.php(141): CWebApplication->runController('index/checkuser...')
#8 /var/www/html/YII_clothes_purchase_sale-master (1)/hsyii/framework/base/CApplication.php(185): CWebApplication->processRequest()
#9 /var/www/html/YII_clothes_purchase_sale-master (1)/hsyii/index.php(33): CApplication->run()
#10 {main}
REQUEST_URI=/YII_clothes_purchase_sale-master%20(1)/hsyii/index.php?r=index/checkuser1&staff_log_name=Zhou&staff_password=zhou1234
HTTP_REFERER=http://localhost/YII_clothes_purchase_sale-master%20(1)/hsyii/index.php?r=index/logout
---
2019/11/25 22:59:33 [error] [exception.CException] CException: 属性 "StaffMessage.id" 未被定义. in /var/www/html/YII_clothes_purchase_sale-master (1)/hsyii/framework/base/CComponent.php:130
Stack trace:
#0 /var/www/html/YII_clothes_purchase_sale-master (1)/hsyii/framework/db/ar/CActiveRecord.php(145): CComponent->__get('id')
#1 /var/www/html/YII_clothes_purchase_sale-master (1)/hsyii/admin/controllers/IndexController.php(54): CActiveRecord->__get('id')
#2 /var/www/html/YII_clothes_purchase_sale-master (1)/hsyii/framework/web/actions/CInlineAction.php(49): IndexController->actionCheckuser1()
#3 /var/www/html/YII_clothes_purchase_sale-master (1)/hsyii/framework/web/CController.php(308): CInlineAction->runWithParams(Array)
#4 /var/www/html/YII_clothes_purchase_sale-master (1)/hsyii/framework/web/CController.php(286): CController->runAction(Object(CInlineAction))
#5 /var/www/html/YII_clothes_purchase_sale-master (1)/hsyii/framework/web/CController.php(265): CController->runActionWithFilters(Object(CInlineAction), Array)
#6 /var/www/html/YII_clothes_purchase_sale-master (1)/hsyii/framework/web/CWebApplication.php(282): CController->run('checkuser1')
#7 /var/www/html/YII_clothes_purchase_sale-master (1)/hsyii/framework/web/CWebApplication.php(141): CWebApplication->runController('index/checkuser...')
#8 /var/www/html/YII_clothes_purchase_sale-master (1)/hsyii/framework/base/CApplication.php(185): CWebApplication->processRequest()
#9 /var/www/html/YII_clothes_purchase_sale-master (1)/hsyii/index.php(33): CApplication->run()
#10 {main}
REQUEST_URI=/YII_clothes_purchase_sale-master%20(1)/hsyii/index.php?r=index/checkuser1&staff_log_name=Zhou&staff_password=zhou1234
HTTP_REFERER=http://localhost/YII_clothes_purchase_sale-master%20(1)/hsyii/index.php?r=index/logout
---
2019/11/25 22:59:33 [error] [exception.CException] CException: 属性 "StaffMessage.id" 未被定义. in /var/www/html/YII_clothes_purchase_sale-master (1)/hsyii/framework/base/CComponent.php:130
Stack trace:
#0 /var/www/html/YII_clothes_purchase_sale-master (1)/hsyii/framework/db/ar/CActiveRecord.php(145): CComponent->__get('id')
#1 /var/www/html/YII_clothes_purchase_sale-master (1)/hsyii/admin/controllers/IndexController.php(54): CActiveRecord->__get('id')
#2 /var/www/html/YII_clothes_purchase_sale-master (1)/hsyii/framework/web/actions/CInlineAction.php(49): IndexController->actionCheckuser1()
#3 /var/www/html/YII_clothes_purchase_sale-master (1)/hsyii/framework/web/CController.php(308): CInlineAction->runWithParams(Array)
#4 /var/www/html/YII_clothes_purchase_sale-master (1)/hsyii/framework/web/CController.php(286): CController->runAction(Object(CInlineAction))
#5 /var/www/html/YII_clothes_purchase_sale-master (1)/hsyii/framework/web/CController.php(265): CController->runActionWithFilters(Object(CInlineAction), Array)
#6 /var/www/html/YII_clothes_purchase_sale-master (1)/hsyii/framework/web/CWebApplication.php(282): CController->run('checkuser1')
#7 /var/www/html/YII_clothes_purchase_sale-master (1)/hsyii/framework/web/CWebApplication.php(141): CWebApplication->runController('index/checkuser...')
#8 /var/www/html/YII_clothes_purchase_sale-master (1)/hsyii/framework/base/CApplication.php(185): CWebApplication->processRequest()
#9 /var/www/html/YII_clothes_purchase_sale-master (1)/hsyii/index.php(33): CApplication->run()
#10 {main}
REQUEST_URI=/YII_clothes_purchase_sale-master%20(1)/hsyii/index.php?r=index/checkuser1&staff_log_name=Zhou&staff_password=zhou1234
HTTP_REFERER=http://localhost/YII_clothes_purchase_sale-master%20(1)/hsyii/index.php?r=index/logout
---
2019/11/25 22:59:47 [error] [exception.CException] CException: 属性 "StaffMessage.id" 未被定义. in /var/www/html/YII_clothes_purchase_sale-master (1)/hsyii/framework/base/CComponent.php:130
Stack trace:
#0 /var/www/html/YII_clothes_purchase_sale-master (1)/hsyii/framework/db/ar/CActiveRecord.php(145): CComponent->__get('id')
#1 /var/www/html/YII_clothes_purchase_sale-master (1)/hsyii/admin/controllers/IndexController.php(54): CActiveRecord->__get('id')
#2 /var/www/html/YII_clothes_purchase_sale-master (1)/hsyii/framework/web/actions/CInlineAction.php(49): IndexController->actionCheckuser1()
#3 /var/www/html/YII_clothes_purchase_sale-master (1)/hsyii/framework/web/CController.php(308): CInlineAction->runWithParams(Array)
#4 /var/www/html/YII_clothes_purchase_sale-master (1)/hsyii/framework/web/CController.php(286): CController->runAction(Object(CInlineAction))
#5 /var/www/html/YII_clothes_purchase_sale-master (1)/hsyii/framework/web/CController.php(265): CController->runActionWithFilters(Object(CInlineAction), Array)
#6 /var/www/html/YII_clothes_purchase_sale-master (1)/hsyii/framework/web/CWebApplication.php(282): CController->run('checkuser1')
#7 /var/www/html/YII_clothes_purchase_sale-master (1)/hsyii/framework/web/CWebApplication.php(141): CWebApplication->runController('index/checkuser...')
#8 /var/www/html/YII_clothes_purchase_sale-master (1)/hsyii/framework/base/CApplication.php(185): CWebApplication->processRequest()
#9 /var/www/html/YII_clothes_purchase_sale-master (1)/hsyii/index.php(33): CApplication->run()
#10 {main}
REQUEST_URI=/YII_clothes_purchase_sale-master%20(1)/hsyii/index.php?r=index/checkuser1&staff_log_name=Zhou&staff_password=zhou1234
HTTP_REFERER=http://localhost/YII_clothes_purchase_sale-master%20(1)/hsyii/index.php?r=index/logout
---
2019/11/25 22:59:48 [error] [exception.CException] CException: 属性 "StaffMessage.id" 未被定义. in /var/www/html/YII_clothes_purchase_sale-master (1)/hsyii/framework/base/CComponent.php:130
Stack trace:
#0 /var/www/html/YII_clothes_purchase_sale-master (1)/hsyii/framework/db/ar/CActiveRecord.php(145): CComponent->__get('id')
#1 /var/www/html/YII_clothes_purchase_sale-master (1)/hsyii/admin/controllers/IndexController.php(54): CActiveRecord->__get('id')
#2 /var/www/html/YII_clothes_purchase_sale-master (1)/hsyii/framework/web/actions/CInlineAction.php(49): IndexController->actionCheckuser1()
#3 /var/www/html/YII_clothes_purchase_sale-master (1)/hsyii/framework/web/CController.php(308): CInlineAction->runWithParams(Array)
#4 /var/www/html/YII_clothes_purchase_sale-master (1)/hsyii/framework/web/CController.php(286): CController->runAction(Object(CInlineAction))
#5 /var/www/html/YII_clothes_purchase_sale-master (1)/hsyii/framework/web/CController.php(265): CController->runActionWithFilters(Object(CInlineAction), Array)
#6 /var/www/html/YII_clothes_purchase_sale-master (1)/hsyii/framework/web/CWebApplication.php(282): CController->run('checkuser1')
#7 /var/www/html/YII_clothes_purchase_sale-master (1)/hsyii/framework/web/CWebApplication.php(141): CWebApplication->runController('index/checkuser...')
#8 /var/www/html/YII_clothes_purchase_sale-master (1)/hsyii/framework/base/CApplication.php(185): CWebApplication->processRequest()
#9 /var/www/html/YII_clothes_purchase_sale-master (1)/hsyii/index.php(33): CApplication->run()
#10 {main}
REQUEST_URI=/YII_clothes_purchase_sale-master%20(1)/hsyii/index.php?r=index/checkuser1&staff_log_name=Zhou&staff_password=zhou1234
HTTP_REFERER=http://localhost/YII_clothes_purchase_sale-master%20(1)/hsyii/index.php?r=index/logout
---
2019/11/25 23:00:01 [error] [exception.CException] CException: 属性 "StaffMessage.id" 未被定义. in /var/www/html/YII_clothes_purchase_sale-master (1)/hsyii/framework/base/CComponent.php:130
Stack trace:
#0 /var/www/html/YII_clothes_purchase_sale-master (1)/hsyii/framework/db/ar/CActiveRecord.php(145): CComponent->__get('id')
#1 /var/www/html/YII_clothes_purchase_sale-master (1)/hsyii/admin/controllers/IndexController.php(54): CActiveRecord->__get('id')
#2 /var/www/html/YII_clothes_purchase_sale-master (1)/hsyii/framework/web/actions/CInlineAction.php(49): IndexController->actionCheckuser1()
#3 /var/www/html/YII_clothes_purchase_sale-master (1)/hsyii/framework/web/CController.php(308): CInlineAction->runWithParams(Array)
#4 /var/www/html/YII_clothes_purchase_sale-master (1)/hsyii/framework/web/CController.php(286): CController->runAction(Object(CInlineAction))
#5 /var/www/html/YII_clothes_purchase_sale-master (1)/hsyii/framework/web/CController.php(265): CController->runActionWithFilters(Object(CInlineAction), Array)
#6 /var/www/html/YII_clothes_purchase_sale-master (1)/hsyii/framework/web/CWebApplication.php(282): CController->run('checkuser1')
#7 /var/www/html/YII_clothes_purchase_sale-master (1)/hsyii/framework/web/CWebApplication.php(141): CWebApplication->runController('index/checkuser...')
#8 /var/www/html/YII_clothes_purchase_sale-master (1)/hsyii/framework/base/CApplication.php(185): CWebApplication->processRequest()
#9 /var/www/html/YII_clothes_purchase_sale-master (1)/hsyii/index.php(33): CApplication->run()
#10 {main}
REQUEST_URI=/YII_clothes_purchase_sale-master%20(1)/hsyii/index.php?r=index/checkuser1&staff_log_name=Zhang&staff_password=zhang1234
HTTP_REFERER=http://localhost/YII_clothes_purchase_sale-master%20(1)/hsyii/index.php
---
2019/11/25 23:00:02 [error] [exception.CException] CException: 属性 "StaffMessage.id" 未被定义. in /var/www/html/YII_clothes_purchase_sale-master (1)/hsyii/framework/base/CComponent.php:130
Stack trace:
#0 /var/www/html/YII_clothes_purchase_sale-master (1)/hsyii/framework/db/ar/CActiveRecord.php(145): CComponent->__get('id')
#1 /var/www/html/YII_clothes_purchase_sale-master (1)/hsyii/admin/controllers/IndexController.php(54): CActiveRecord->__get('id')
#2 /var/www/html/YII_clothes_purchase_sale-master (1)/hsyii/framework/web/actions/CInlineAction.php(49): IndexController->actionCheckuser1()
#3 /var/www/html/YII_clothes_purchase_sale-master (1)/hsyii/framework/web/CController.php(308): CInlineAction->runWithParams(Array)
#4 /var/www/html/YII_clothes_purchase_sale-master (1)/hsyii/framework/web/CController.php(286): CController->runAction(Object(CInlineAction))
#5 /var/www/html/YII_clothes_purchase_sale-master (1)/hsyii/framework/web/CController.php(265): CController->runActionWithFilters(Object(CInlineAction), Array)
#6 /var/www/html/YII_clothes_purchase_sale-master (1)/hsyii/framework/web/CWebApplication.php(282): CController->run('checkuser1')
#7 /var/www/html/YII_clothes_purchase_sale-master (1)/hsyii/framework/web/CWebApplication.php(141): CWebApplication->runController('index/checkuser...')
#8 /var/www/html/YII_clothes_purchase_sale-master (1)/hsyii/framework/base/CApplication.php(185): CWebApplication->processRequest()
#9 /var/www/html/YII_clothes_purchase_sale-master (1)/hsyii/index.php(33): CApplication->run()
#10 {main}
REQUEST_URI=/YII_clothes_purchase_sale-master%20(1)/hsyii/index.php?r=index/checkuser1&staff_log_name=Zhang&staff_password=zhang1234
HTTP_REFERER=http://localhost/YII_clothes_purchase_sale-master%20(1)/hsyii/index.php
---
2019/11/25 23:00:02 [error] [exception.CException] CException: 属性 "StaffMessage.id" 未被定义. in /var/www/html/YII_clothes_purchase_sale-master (1)/hsyii/framework/base/CComponent.php:130
Stack trace:
#0 /var/www/html/YII_clothes_purchase_sale-master (1)/hsyii/framework/db/ar/CActiveRecord.php(145): CComponent->__get('id')
#1 /var/www/html/YII_clothes_purchase_sale-master (1)/hsyii/admin/controllers/IndexController.php(54): CActiveRecord->__get('id')
#2 /var/www/html/YII_clothes_purchase_sale-master (1)/hsyii/framework/web/actions/CInlineAction.php(49): IndexController->actionCheckuser1()
#3 /var/www/html/YII_clothes_purchase_sale-master (1)/hsyii/framework/web/CController.php(308): CInlineAction->runWithParams(Array)
#4 /var/www/html/YII_clothes_purchase_sale-master (1)/hsyii/framework/web/CController.php(286): CController->runAction(Object(CInlineAction))
#5 /var/www/html/YII_clothes_purchase_sale-master (1)/hsyii/framework/web/CController.php(265): CController->runActionWithFilters(Object(CInlineAction), Array)
#6 /var/www/html/YII_clothes_purchase_sale-master (1)/hsyii/framework/web/CWebApplication.php(282): CController->run('checkuser1')
#7 /var/www/html/YII_clothes_purchase_sale-master (1)/hsyii/framework/web/CWebApplication.php(141): CWebApplication->runController('index/checkuser...')
#8 /var/www/html/YII_clothes_purchase_sale-master (1)/hsyii/framework/base/CApplication.php(185): CWebApplication->processRequest()
#9 /var/www/html/YII_clothes_purchase_sale-master (1)/hsyii/index.php(33): CApplication->run()
#10 {main}
REQUEST_URI=/YII_clothes_purchase_sale-master%20(1)/hsyii/index.php?r=index/checkuser1&staff_log_name=Zhang&staff_password=zhang1234
HTTP_REFERER=http://localhost/YII_clothes_purchase_sale-master%20(1)/hsyii/index.php
---
2019/11/25 23:00:14 [error] [exception.CException] CException: AccountInformationController 无法找到请求的视图 "index". in /var/www/html/YII_clothes_purchase_sale-master (1)/hsyii/framework/web/CController.php:881
Stack trace:
#0 /var/www/html/YII_clothes_purchase_sale-master (1)/hsyii/framework/web/CController.php(785): CController->renderPartial('index', Array, true)
#1 /var/www/html/YII_clothes_purchase_sale-master (1)/hsyii/admin/components/BaseController.php(68): CController->render('index', Array)
#2 /var/www/html/YII_clothes_purchase_sale-master (1)/hsyii/admin/controllers/AccountInformationController.php(64): BaseController->_list(Object(AccountInformation), Object(CDbCriteria), 'index', Array)
#3 [internal function]: AccountInformationController->actionIndex('', '')
#4 /var/www/html/YII_clothes_purchase_sale-master (1)/hsyii/framework/web/actions/CAction.php(109): ReflectionMethod->invokeArgs(Object(AccountInformationController), Array)
#5 /var/www/html/YII_clothes_purchase_sale-master (1)/hsyii/framework/web/actions/CInlineAction.php(47): CAction->runWithParamsInternal(Object(AccountInformationController), Object(ReflectionMethod), Array)
#6 /var/www/html/YII_clothes_purchase_sale-master (1)/hsyii/framework/web/CController.php(308): CInlineAction->runWithParams(Array)
#7 /var/www/html/YII_clothes_purchase_sale-master (1)/hsyii/framework/web/CController.php(286): CController->runAction(Object(CInlineAction))
#8 /var/www/html/YII_clothes_purchase_sale-master (1)/hsyii/framework/web/CController.php(265): CController->runActionWithFilters(Object(CInlineAction), Array)
#9 /var/www/html/YII_clothes_purchase_sale-master (1)/hsyii/framework/web/CWebApplication.php(282): CController->run('index')
#10 /var/www/html/YII_clothes_purchase_sale-master (1)/hsyii/framework/web/CWebApplication.php(141): CWebApplication->runController('AccountInformat...')
#11 /var/www/html/YII_clothes_purchase_sale-master (1)/hsyii/framework/base/CApplication.php(185): CWebApplication->processRequest()
#12 /var/www/html/YII_clothes_purchase_sale-master (1)/hsyii/index.php(33): CApplication->run()
#13 {main}
REQUEST_URI=/YII_clothes_purchase_sale-master%20(1)/hsyii/index.php?r=AccountInformation/index
HTTP_REFERER=http://localhost/YII_clothes_purchase_sale-master%20(1)/hsyii/index.php
---
2019/11/25 23:00:41 [error] [exception.CException] CException: 属性 "StaffMessage.id" 未被定义. in /var/www/html/YII_clothes_purchase_sale-master (1)/hsyii/framework/base/CComponent.php:130
Stack trace:
#0 /var/www/html/YII_clothes_purchase_sale-master (1)/hsyii/framework/db/ar/CActiveRecord.php(145): CComponent->__get('id')
#1 /var/www/html/YII_clothes_purchase_sale-master (1)/hsyii/admin/controllers/IndexController.php(54): CActiveRecord->__get('id')
#2 /var/www/html/YII_clothes_purchase_sale-master (1)/hsyii/framework/web/actions/CInlineAction.php(49): IndexController->actionCheckuser1()
#3 /var/www/html/YII_clothes_purchase_sale-master (1)/hsyii/framework/web/CController.php(308): CInlineAction->runWithParams(Array)
#4 /var/www/html/YII_clothes_purchase_sale-master (1)/hsyii/framework/web/CController.php(286): CController->runAction(Object(CInlineAction))
#5 /var/www/html/YII_clothes_purchase_sale-master (1)/hsyii/framework/web/CController.php(265): CController->runActionWithFilters(Object(CInlineAction), Array)
#6 /var/www/html/YII_clothes_purchase_sale-master (1)/hsyii/framework/web/CWebApplication.php(282): CController->run('checkuser1')
#7 /var/www/html/YII_clothes_purchase_sale-master (1)/hsyii/framework/web/CWebApplication.php(141): CWebApplication->runController('index/checkuser...')
#8 /var/www/html/YII_clothes_purchase_sale-master (1)/hsyii/framework/base/CApplication.php(185): CWebApplication->processRequest()
#9 /var/www/html/YII_clothes_purchase_sale-master (1)/hsyii/index.php(33): CApplication->run()
#10 {main}
REQUEST_URI=/YII_clothes_purchase_sale-master%20(1)/hsyii/index.php?r=index/checkuser1&staff_log_name=Zhou&staff_password=zhou1234
HTTP_REFERER=http://localhost/YII_clothes_purchase_sale-master%20(1)/hsyii/index.php?r=index/logout
---
2019/11/25 23:00:43 [error] [exception.CException] CException: 属性 "StaffMessage.id" 未被定义. in /var/www/html/YII_clothes_purchase_sale-master (1)/hsyii/framework/base/CComponent.php:130
Stack trace:
#0 /var/www/html/YII_clothes_purchase_sale-master (1)/hsyii/framework/db/ar/CActiveRecord.php(145): CComponent->__get('id')
#1 /var/www/html/YII_clothes_purchase_sale-master (1)/hsyii/admin/controllers/IndexController.php(54): CActiveRecord->__get('id')
#2 /var/www/html/YII_clothes_purchase_sale-master (1)/hsyii/framework/web/actions/CInlineAction.php(49): IndexController->actionCheckuser1()
#3 /var/www/html/YII_clothes_purchase_sale-master (1)/hsyii/framework/web/CController.php(308): CInlineAction->runWithParams(Array)
#4 /var/www/html/YII_clothes_purchase_sale-master (1)/hsyii/framework/web/CController.php(286): CController->runAction(Object(CInlineAction))
#5 /var/www/html/YII_clothes_purchase_sale-master (1)/hsyii/framework/web/CController.php(265): CController->runActionWithFilters(Object(CInlineAction), Array)
#6 /var/www/html/YII_clothes_purchase_sale-master (1)/hsyii/framework/web/CWebApplication.php(282): CController->run('checkuser1')
#7 /var/www/html/YII_clothes_purchase_sale-master (1)/hsyii/framework/web/CWebApplication.php(141): CWebApplication->runController('index/checkuser...')
#8 /var/www/html/YII_clothes_purchase_sale-master (1)/hsyii/framework/base/CApplication.php(185): CWebApplication->processRequest()
#9 /var/www/html/YII_clothes_purchase_sale-master (1)/hsyii/index.php(33): CApplication->run()
#10 {main}
REQUEST_URI=/YII_clothes_purchase_sale-master%20(1)/hsyii/index.php?r=index/checkuser1&staff_log_name=Zhou&staff_password=zhou1234
HTTP_REFERER=http://localhost/YII_clothes_purchase_sale-master%20(1)/hsyii/index.php?r=index/logout
---
2019/11/25 23:00:43 [error] [exception.CException] CException: 属性 "StaffMessage.id" 未被定义. in /var/www/html/YII_clothes_purchase_sale-master (1)/hsyii/framework/base/CComponent.php:130
Stack trace:
#0 /var/www/html/YII_clothes_purchase_sale-master (1)/hsyii/framework/db/ar/CActiveRecord.php(145): CComponent->__get('id')
#1 /var/www/html/YII_clothes_purchase_sale-master (1)/hsyii/admin/controllers/IndexController.php(54): CActiveRecord->__get('id')
#2 /var/www/html/YII_clothes_purchase_sale-master (1)/hsyii/framework/web/actions/CInlineAction.php(49): IndexController->actionCheckuser1()
#3 /var/www/html/YII_clothes_purchase_sale-master (1)/hsyii/framework/web/CController.php(308): CInlineAction->runWithParams(Array)
#4 /var/www/html/YII_clothes_purchase_sale-master (1)/hsyii/framework/web/CController.php(286): CController->runAction(Object(CInlineAction))
#5 /var/www/html/YII_clothes_purchase_sale-master (1)/hsyii/framework/web/CController.php(265): CController->runActionWithFilters(Object(CInlineAction), Array)
#6 /var/www/html/YII_clothes_purchase_sale-master (1)/hsyii/framework/web/CWebApplication.php(282): CController->run('checkuser1')
#7 /var/www/html/YII_clothes_purchase_sale-master (1)/hsyii/framework/web/CWebApplication.php(141): CWebApplication->runController('index/checkuser...')
#8 /var/www/html/YII_clothes_purchase_sale-master (1)/hsyii/framework/base/CApplication.php(185): CWebApplication->processRequest()
#9 /var/www/html/YII_clothes_purchase_sale-master (1)/hsyii/index.php(33): CApplication->run()
#10 {main}
REQUEST_URI=/YII_clothes_purchase_sale-master%20(1)/hsyii/index.php?r=index/checkuser1&staff_log_name=Zhou&staff_password=zhou1234
HTTP_REFERER=http://localhost/YII_clothes_purchase_sale-master%20(1)/hsyii/index.php?r=index/logout
---
2019/11/25 23:00:43 [error] [exception.CException] CException: 属性 "StaffMessage.id" 未被定义. in /var/www/html/YII_clothes_purchase_sale-master (1)/hsyii/framework/base/CComponent.php:130
Stack trace:
#0 /var/www/html/YII_clothes_purchase_sale-master (1)/hsyii/framework/db/ar/CActiveRecord.php(145): CComponent->__get('id')
#1 /var/www/html/YII_clothes_purchase_sale-master (1)/hsyii/admin/controllers/IndexController.php(54): CActiveRecord->__get('id')
#2 /var/www/html/YII_clothes_purchase_sale-master (1)/hsyii/framework/web/actions/CInlineAction.php(49): IndexController->actionCheckuser1()
#3 /var/www/html/YII_clothes_purchase_sale-master (1)/hsyii/framework/web/CController.php(308): CInlineAction->runWithParams(Array)
#4 /var/www/html/YII_clothes_purchase_sale-master (1)/hsyii/framework/web/CController.php(286): CController->runAction(Object(CInlineAction))
#5 /var/www/html/YII_clothes_purchase_sale-master (1)/hsyii/framework/web/CController.php(265): CController->runActionWithFilters(Object(CInlineAction), Array)
#6 /var/www/html/YII_clothes_purchase_sale-master (1)/hsyii/framework/web/CWebApplication.php(282): CController->run('checkuser1')
#7 /var/www/html/YII_clothes_purchase_sale-master (1)/hsyii/framework/web/CWebApplication.php(141): CWebApplication->runController('index/checkuser...')
#8 /var/www/html/YII_clothes_purchase_sale-master (1)/hsyii/framework/base/CApplication.php(185): CWebApplication->processRequest()
#9 /var/www/html/YII_clothes_purchase_sale-master (1)/hsyii/index.php(33): CApplication->run()
#10 {main}
REQUEST_URI=/YII_clothes_purchase_sale-master%20(1)/hsyii/index.php?r=index/checkuser1&staff_log_name=Zhou&staff_password=zhou1234
HTTP_REFERER=http://localhost/YII_clothes_purchase_sale-master%20(1)/hsyii/index.php?r=index/logout
---
2019/11/25 23:02:34 [error] [php] Undefined variable: staff_log_name (/var/www/html/YII_clothes_purchase_sale-master (1)/hsyii/admin/views/PurchaseRecords/update.php:69)
Stack trace:
#0 /var/www/html/YII_clothes_purchase_sale-master (1)/hsyii/framework/web/CController.php(872): PurchaseRecordsController->renderFile()
#1 /var/www/html/YII_clothes_purchase_sale-master (1)/hsyii/framework/web/CController.php(785): PurchaseRecordsController->renderPartial()
#2 /var/www/html/YII_clothes_purchase_sale-master (1)/hsyii/admin/controllers/PurchaseRecordsController.php(60): PurchaseRecordsController->render()
#3 /var/www/html/YII_clothes_purchase_sale-master (1)/hsyii/framework/web/actions/CInlineAction.php(49): PurchaseRecordsController->actionCreate()
#4 /var/www/html/YII_clothes_purchase_sale-master (1)/hsyii/framework/web/CController.php(308): CInlineAction->runWithParams()
#5 /var/www/html/YII_clothes_purchase_sale-master (1)/hsyii/framework/web/CController.php(286): PurchaseRecordsController->runAction()
#6 /var/www/html/YII_clothes_purchase_sale-master (1)/hsyii/framework/web/CController.php(265): PurchaseRecordsController->runActionWithFilters()
#7 /var/www/html/YII_clothes_purchase_sale-master (1)/hsyii/framework/web/CWebApplication.php(282): PurchaseRecordsController->run()
#8 /var/www/html/YII_clothes_purchase_sale-master (1)/hsyii/framework/web/CWebApplication.php(141): CWebApplication->runController()
#9 /var/www/html/YII_clothes_purchase_sale-master (1)/hsyii/framework/base/CApplication.php(185): CWebApplication->processRequest()
#10 /var/www/html/YII_clothes_purchase_sale-master (1)/hsyii/index.php(33): CWebApplication->run()
REQUEST_URI=/YII_clothes_purchase_sale-master%20(1)/hsyii/index.php?r=purchaseRecords/create
2019/11/25 23:26:24 [error] [php] Undefined variable: staff_log_name (/var/www/html/YII_clothes_purchase_sale-master (1)/hsyii/admin/views/PurchaseRecords/update.php:69)
Stack trace:
#0 /var/www/html/YII_clothes_purchase_sale-master (1)/hsyii/framework/web/CController.php(872): PurchaseRecordsController->renderFile()
#1 /var/www/html/YII_clothes_purchase_sale-master (1)/hsyii/framework/web/CController.php(785): PurchaseRecordsController->renderPartial()
#2 /var/www/html/YII_clothes_purchase_sale-master (1)/hsyii/admin/controllers/PurchaseRecordsController.php(60): PurchaseRecordsController->render()
#3 /var/www/html/YII_clothes_purchase_sale-master (1)/hsyii/framework/web/actions/CInlineAction.php(49): PurchaseRecordsController->actionCreate()
#4 /var/www/html/YII_clothes_purchase_sale-master (1)/hsyii/framework/web/CController.php(308): CInlineAction->runWithParams()
#5 /var/www/html/YII_clothes_purchase_sale-master (1)/hsyii/framework/web/CController.php(286): PurchaseRecordsController->runAction()
#6 /var/www/html/YII_clothes_purchase_sale-master (1)/hsyii/framework/web/CController.php(265): PurchaseRecordsController->runActionWithFilters()
#7 /var/www/html/YII_clothes_purchase_sale-master (1)/hsyii/framework/web/CWebApplication.php(282): PurchaseRecordsController->run()
#8 /var/www/html/YII_clothes_purchase_sale-master (1)/hsyii/framework/web/CWebApplication.php(141): CWebApplication->runController()
#9 /var/www/html/YII_clothes_purchase_sale-master (1)/hsyii/framework/base/CApplication.php(185): CWebApplication->processRequest()
#10 /var/www/html/YII_clothes_purchase_sale-master (1)/hsyii/index.php(33): CWebApplication->run()
REQUEST_URI=/YII_clothes_purchase_sale-master%20(1)/hsyii/index.php?r=purchaseRecords/create
2019/11/25 23:30:24 [error] [exception.Error] Error: Function name must be a string in /var/www/html/YII_clothes_purchase_sale-master (1)/hsyii/admin/views/PurchaseRecords/update.php:69
Stack trace:
#0 /var/www/html/YII_clothes_purchase_sale-master (1)/hsyii/framework/web/CBaseController.php(126): require()
#1 /var/www/html/YII_clothes_purchase_sale-master (1)/hsyii/framework/web/CBaseController.php(95): CBaseController->renderInternal('/var/www/html/Y...', Array, true)
#2 /var/www/html/YII_clothes_purchase_sale-master (1)/hsyii/framework/web/CController.php(872): CBaseController->renderFile('/var/www/html/Y...', Array, true)
#3 /var/www/html/YII_clothes_purchase_sale-master (1)/hsyii/framework/web/CController.php(785): CController->renderPartial('/PurchaseRecord...', Array, true)
#4 /var/www/html/YII_clothes_purchase_sale-master (1)/hsyii/admin/controllers/PurchaseRecordsController.php(60): CController->render('/PurchaseRecord...', Array)
#5 /var/www/html/YII_clothes_purchase_sale-master (1)/hsyii/framework/web/actions/CInlineAction.php(49): PurchaseRecordsController->actionCreate()
#6 /var/www/html/YII_clothes_purchase_sale-master (1)/hsyii/framework/web/CController.php(308): CInlineAction->runWithParams(Array)
#7 /var/www/html/YII_clothes_purchase_sale-master (1)/hsyii/framework/web/CController.php(286): CController->runAction(Object(CInlineAction))
#8 /var/www/html/YII_clothes_purchase_sale-master (1)/hsyii/framework/web/CController.php(265): CController->runActionWithFilters(Object(CInlineAction), Array)
#9 /var/www/html/YII_clothes_purchase_sale-master (1)/hsyii/framework/web/CWebApplication.php(282): CController->run('create')
#10 /var/www/html/YII_clothes_purchase_sale-master (1)/hsyii/framework/web/CWebApplication.php(141): CWebApplication->runController('purchaseRecords...')
#11 /var/www/html/YII_clothes_purchase_sale-master (1)/hsyii/framework/base/CApplication.php(185): CWebApplication->processRequest()
#12 /var/www/html/YII_clothes_purchase_sale-master (1)/hsyii/index.php(33): CApplication->run()
#13 {main}
REQUEST_URI=/YII_clothes_purchase_sale-master%20(1)/hsyii/index.php?r=purchaseRecords/create
HTTP_REFERER=http://localhost/YII_clothes_purchase_sale-master%20(1)/hsyii/index.php?r=PurchaseRecords/index
---
2019/11/25 23:30:58 [error] [php] Undefined variable: id (/var/www/html/YII_clothes_purchase_sale-master (1)/hsyii/admin/views/PurchaseRecords/update.php:69)
Stack trace:
#0 /var/www/html/YII_clothes_purchase_sale-master (1)/hsyii/framework/web/CController.php(872): PurchaseRecordsController->renderFile()
#1 /var/www/html/YII_clothes_purchase_sale-master (1)/hsyii/framework/web/CController.php(785): PurchaseRecordsController->renderPartial()
#2 /var/www/html/YII_clothes_purchase_sale-master (1)/hsyii/admin/controllers/PurchaseRecordsController.php(60): PurchaseRecordsController->render()
#3 /var/www/html/YII_clothes_purchase_sale-master (1)/hsyii/framework/web/actions/CInlineAction.php(49): PurchaseRecordsController->actionCreate()
#4 /var/www/html/YII_clothes_purchase_sale-master (1)/hsyii/framework/web/CController.php(308): CInlineAction->runWithParams()
#5 /var/www/html/YII_clothes_purchase_sale-master (1)/hsyii/framework/web/CController.php(286): PurchaseRecordsController->runAction()
#6 /var/www/html/YII_clothes_purchase_sale-master (1)/hsyii/framework/web/CController.php(265): PurchaseRecordsController->runActionWithFilters()
#7 /var/www/html/YII_clothes_purchase_sale-master (1)/hsyii/framework/web/CWebApplication.php(282): PurchaseRecordsController->run()
#8 /var/www/html/YII_clothes_purchase_sale-master (1)/hsyii/framework/web/CWebApplication.php(141): CWebApplication->runController()
#9 /var/www/html/YII_clothes_purchase_sale-master (1)/hsyii/framework/base/CApplication.php(185): CWebApplication->processRequest()
#10 /var/www/html/YII_clothes_purchase_sale-master (1)/hsyii/index.php(33): CWebApplication->run()
REQUEST_URI=/YII_clothes_purchase_sale-master%20(1)/hsyii/index.php?r=purchaseRecords/create
2019/11/25 23:55:27 [error] [php] Undefined variable: model (/var/www/html/YII_clothes_purchase_sale-master (1)/hsyii/admin/controllers/IndexController.php:46)
Stack trace:
#0 /var/www/html/YII_clothes_purchase_sale-master (1)/hsyii/framework/web/CController.php(286): IndexController->runAction()
#1 /var/www/html/YII_clothes_purchase_sale-master (1)/hsyii/framework/web/CController.php(265): IndexController->runActionWithFilters()
#2 /var/www/html/YII_clothes_purchase_sale-master (1)/hsyii/framework/web/CWebApplication.php(282): IndexController->run()
#3 /var/www/html/YII_clothes_purchase_sale-master (1)/hsyii/framework/web/CWebApplication.php(141): CWebApplication->runController()
#4 /var/www/html/YII_clothes_purchase_sale-master (1)/hsyii/framework/base/CApplication.php(185): CWebApplication->processRequest()
#5 /var/www/html/YII_clothes_purchase_sale-master (1)/hsyii/index.php(33): CWebApplication->run()
REQUEST_URI=/YII_clothes_purchase_sale-master%20(1)/hsyii/index.php?r=index/checkuser1&staff_log_name=Zhou&staff_password=zhou1234
2019/11/25 23:56:12 [error] [php] Undefined variable: model (/var/www/html/YII_clothes_purchase_sale-master (1)/hsyii/admin/controllers/IndexController.php:46)
Stack trace:
#0 /var/www/html/YII_clothes_purchase_sale-master (1)/hsyii/framework/web/CController.php(286): IndexController->runAction()
#1 /var/www/html/YII_clothes_purchase_sale-master (1)/hsyii/framework/web/CController.php(265): IndexController->runActionWithFilters()
#2 /var/www/html/YII_clothes_purchase_sale-master (1)/hsyii/framework/web/CWebApplication.php(282): IndexController->run()
#3 /var/www/html/YII_clothes_purchase_sale-master (1)/hsyii/framework/web/CWebApplication.php(141): CWebApplication->runController()
#4 /var/www/html/YII_clothes_purchase_sale-master (1)/hsyii/framework/base/CApplication.php(185): CWebApplication->processRequest()
#5 /var/www/html/YII_clothes_purchase_sale-master (1)/hsyii/index.php(33): CWebApplication->run()
REQUEST_URI=/YII_clothes_purchase_sale-master%20(1)/hsyii/index.php?r=index/checkuser1&staff_log_name=Zhou&staff_password=zhou1234
2019/11/25 23:56:13 [error] [php] Undefined variable: model (/var/www/html/YII_clothes_purchase_sale-master (1)/hsyii/admin/controllers/IndexController.php:46)
Stack trace:
#0 /var/www/html/YII_clothes_purchase_sale-master (1)/hsyii/framework/web/CController.php(286): IndexController->runAction()
#1 /var/www/html/YII_clothes_purchase_sale-master (1)/hsyii/framework/web/CController.php(265): IndexController->runActionWithFilters()
#2 /var/www/html/YII_clothes_purchase_sale-master (1)/hsyii/framework/web/CWebApplication.php(282): IndexController->run()
#3 /var/www/html/YII_clothes_purchase_sale-master (1)/hsyii/framework/web/CWebApplication.php(141): CWebApplication->runController()
#4 /var/www/html/YII_clothes_purchase_sale-master (1)/hsyii/framework/base/CApplication.php(185): CWebApplication->processRequest()
#5 /var/www/html/YII_clothes_purchase_sale-master (1)/hsyii/index.php(33): CWebApplication->run()
REQUEST_URI=/YII_clothes_purchase_sale-master%20(1)/hsyii/index.php?r=index/checkuser1&staff_log_name=Zhou&staff_password=zhou1234
2019/11/25 23:56:13 [error] [php] Undefined variable: model (/var/www/html/YII_clothes_purchase_sale-master (1)/hsyii/admin/controllers/IndexController.php:46)
Stack trace:
#0 /var/www/html/YII_clothes_purchase_sale-master (1)/hsyii/framework/web/CController.php(286): IndexController->runAction()
#1 /var/www/html/YII_clothes_purchase_sale-master (1)/hsyii/framework/web/CController.php(265): IndexController->runActionWithFilters()
#2 /var/www/html/YII_clothes_purchase_sale-master (1)/hsyii/framework/web/CWebApplication.php(282): IndexController->run()
#3 /var/www/html/YII_clothes_purchase_sale-master (1)/hsyii/framework/web/CWebApplication.php(141): CWebApplication->runController()
#4 /var/www/html/YII_clothes_purchase_sale-master (1)/hsyii/framework/base/CApplication.php(185): CWebApplication->processRequest()
#5 /var/www/html/YII_clothes_purchase_sale-master (1)/hsyii/index.php(33): CWebApplication->run()
REQUEST_URI=/YII_clothes_purchase_sale-master%20(1)/hsyii/index.php?r=index/checkuser1&staff_log_name=Zhou&staff_password=zhou1234
2019/11/25 23:56:14 [error] [php] Undefined variable: model (/var/www/html/YII_clothes_purchase_sale-master (1)/hsyii/admin/controllers/IndexController.php:46)
Stack trace:
#0 /var/www/html/YII_clothes_purchase_sale-master (1)/hsyii/framework/web/CController.php(286): IndexController->runAction()
#1 /var/www/html/YII_clothes_purchase_sale-master (1)/hsyii/framework/web/CController.php(265): IndexController->runActionWithFilters()
#2 /var/www/html/YII_clothes_purchase_sale-master (1)/hsyii/framework/web/CWebApplication.php(282): IndexController->run()
#3 /var/www/html/YII_clothes_purchase_sale-master (1)/hsyii/framework/web/CWebApplication.php(141): CWebApplication->runController()
#4 /var/www/html/YII_clothes_purchase_sale-master (1)/hsyii/framework/base/CApplication.php(185): CWebApplication->processRequest()
#5 /var/www/html/YII_clothes_purchase_sale-master (1)/hsyii/index.php(33): CWebApplication->run()
REQUEST_URI=/YII_clothes_purchase_sale-master%20(1)/hsyii/index.php?r=index/checkuser1&staff_log_name=Zhou&staff_password=zhou1234
2019/11/25 23:56:14 [error] [php] Undefined variable: model (/var/www/html/YII_clothes_purchase_sale-master (1)/hsyii/admin/controllers/IndexController.php:46)
Stack trace:
#0 /var/www/html/YII_clothes_purchase_sale-master (1)/hsyii/framework/web/CController.php(286): IndexController->runAction()
#1 /var/www/html/YII_clothes_purchase_sale-master (1)/hsyii/framework/web/CController.php(265): IndexController->runActionWithFilters()
#2 /var/www/html/YII_clothes_purchase_sale-master (1)/hsyii/framework/web/CWebApplication.php(282): IndexController->run()
#3 /var/www/html/YII_clothes_purchase_sale-master (1)/hsyii/framework/web/CWebApplication.php(141): CWebApplication->runController()
#4 /var/www/html/YII_clothes_purchase_sale-master (1)/hsyii/framework/base/CApplication.php(185): CWebApplication->processRequest()
#5 /var/www/html/YII_clothes_purchase_sale-master (1)/hsyii/index.php(33): CWebApplication->run()
REQUEST_URI=/YII_clothes_purchase_sale-master%20(1)/hsyii/index.php?r=index/checkuser1&staff_log_name=Zhou&staff_password=zhou1234
2019/11/25 23:56:35 [error] [php] Undefined variable: model (/var/www/html/YII_clothes_purchase_sale-master (1)/hsyii/admin/controllers/IndexController.php:46)
Stack trace:
#0 /var/www/html/YII_clothes_purchase_sale-master (1)/hsyii/framework/web/CController.php(286): IndexController->runAction()
#1 /var/www/html/YII_clothes_purchase_sale-master (1)/hsyii/framework/web/CController.php(265): IndexController->runActionWithFilters()
#2 /var/www/html/YII_clothes_purchase_sale-master (1)/hsyii/framework/web/CWebApplication.php(282): IndexController->run()
#3 /var/www/html/YII_clothes_purchase_sale-master (1)/hsyii/framework/web/CWebApplication.php(141): CWebApplication->runController()
#4 /var/www/html/YII_clothes_purchase_sale-master (1)/hsyii/framework/base/CApplication.php(185): CWebApplication->processRequest()
#5 /var/www/html/YII_clothes_purchase_sale-master (1)/hsyii/index.php(33): CWebApplication->run()
REQUEST_URI=/YII_clothes_purchase_sale-master%20(1)/hsyii/index.php?r=index/checkuser1&staff_log_name=&staff_password=
2019/11/25 23:57:11 [error] [php] Undefined variable: model (/var/www/html/YII_clothes_purchase_sale-master (1)/hsyii/admin/controllers/IndexController.php:46)
Stack trace:
#0 /var/www/html/YII_clothes_purchase_sale-master (1)/hsyii/framework/web/CController.php(286): IndexController->runAction()
#1 /var/www/html/YII_clothes_purchase_sale-master (1)/hsyii/framework/web/CController.php(265): IndexController->runActionWithFilters()
#2 /var/www/html/YII_clothes_purchase_sale-master (1)/hsyii/framework/web/CWebApplication.php(282): IndexController->run()
#3 /var/www/html/YII_clothes_purchase_sale-master (1)/hsyii/framework/web/CWebApplication.php(141): CWebApplication->runController()
#4 /var/www/html/YII_clothes_purchase_sale-master (1)/hsyii/framework/base/CApplication.php(185): CWebApplication->processRequest()
#5 /var/www/html/YII_clothes_purchase_sale-master (1)/hsyii/index.php(33): CWebApplication->run()
REQUEST_URI=/YII_clothes_purchase_sale-master%20(1)/hsyii/index.php?r=index/checkuser1&staff_log_name=Zhang&staff_password=zhang1234
2019/11/25 23:57:57 [error] [php] Undefined variable: model (/var/www/html/YII_clothes_purchase_sale-master (1)/hsyii/admin/controllers/IndexController.php:46)
Stack trace:
#0 /var/www/html/YII_clothes_purchase_sale-master (1)/hsyii/framework/web/CController.php(286): IndexController->runAction()
#1 /var/www/html/YII_clothes_purchase_sale-master (1)/hsyii/framework/web/CController.php(265): IndexController->runActionWithFilters()
#2 /var/www/html/YII_clothes_purchase_sale-master (1)/hsyii/framework/web/CWebApplication.php(282): IndexController->run()
#3 /var/www/html/YII_clothes_purchase_sale-master (1)/hsyii/framework/web/CWebApplication.php(141): CWebApplication->runController()
#4 /var/www/html/YII_clothes_purchase_sale-master (1)/hsyii/framework/base/CApplication.php(185): CWebApplication->processRequest()
#5 /var/www/html/YII_clothes_purchase_sale-master (1)/hsyii/index.php(33): CWebApplication->run()
REQUEST_URI=/YII_clothes_purchase_sale-master%20(1)/hsyii/index.php?r=index/checkuser1&staff_log_name=Zhou&staff_password=zhou1234
2019/11/25 23:58:19 [error] [php] Undefined variable: model (/var/www/html/YII_clothes_purchase_sale-master (1)/hsyii/admin/controllers/IndexController.php:46)
Stack trace:
#0 /var/www/html/YII_clothes_purchase_sale-master (1)/hsyii/framework/web/CController.php(286): IndexController->runAction()
#1 /var/www/html/YII_clothes_purchase_sale-master (1)/hsyii/framework/web/CController.php(265): IndexController->runActionWithFilters()
#2 /var/www/html/YII_clothes_purchase_sale-master (1)/hsyii/framework/web/CWebApplication.php(282): IndexController->run()
#3 /var/www/html/YII_clothes_purchase_sale-master (1)/hsyii/framework/web/CWebApplication.php(141): CWebApplication->runController()
#4 /var/www/html/YII_clothes_purchase_sale-master (1)/hsyii/framework/base/CApplication.php(185): CWebApplication->processRequest()
#5 /var/www/html/YII_clothes_purchase_sale-master (1)/hsyii/index.php(33): CWebApplication->run()
REQUEST_URI=/YII_clothes_purchase_sale-master%20(1)/hsyii/index.php?r=index/checkuser1&staff_log_name=Zhou&staff_password=zhou1234
2019/11/25 23:58:20 [error] [php] Undefined variable: model (/var/www/html/YII_clothes_purchase_sale-master (1)/hsyii/admin/controllers/IndexController.php:46)
Stack trace:
#0 /var/www/html/YII_clothes_purchase_sale-master (1)/hsyii/framework/web/CController.php(286): IndexController->runAction()
#1 /var/www/html/YII_clothes_purchase_sale-master (1)/hsyii/framework/web/CController.php(265): IndexController->runActionWithFilters()
#2 /var/www/html/YII_clothes_purchase_sale-master (1)/hsyii/framework/web/CWebApplication.php(282): IndexController->run()
#3 /var/www/html/YII_clothes_purchase_sale-master (1)/hsyii/framework/web/CWebApplication.php(141): CWebApplication->runController()
#4 /var/www/html/YII_clothes_purchase_sale-master (1)/hsyii/framework/base/CApplication.php(185): CWebApplication->processRequest()
#5 /var/www/html/YII_clothes_purchase_sale-master (1)/hsyii/index.php(33): CWebApplication->run()
REQUEST_URI=/YII_clothes_purchase_sale-master%20(1)/hsyii/index.php?r=index/checkuser1&staff_log_name=Zhou&staff_password=zhou1234
2019/11/25 23:58:20 [error] [php] Undefined variable: model (/var/www/html/YII_clothes_purchase_sale-master (1)/hsyii/admin/controllers/IndexController.php:46)
Stack trace:
#0 /var/www/html/YII_clothes_purchase_sale-master (1)/hsyii/framework/web/CController.php(286): IndexController->runAction()
#1 /var/www/html/YII_clothes_purchase_sale-master (1)/hsyii/framework/web/CController.php(265): IndexController->runActionWithFilters()
#2 /var/www/html/YII_clothes_purchase_sale-master (1)/hsyii/framework/web/CWebApplication.php(282): IndexController->run()
#3 /var/www/html/YII_clothes_purchase_sale-master (1)/hsyii/framework/web/CWebApplication.php(141): CWebApplication->runController()
#4 /var/www/html/YII_clothes_purchase_sale-master (1)/hsyii/framework/base/CApplication.php(185): CWebApplication->processRequest()
#5 /var/www/html/YII_clothes_purchase_sale-master (1)/hsyii/index.php(33): CWebApplication->run()
REQUEST_URI=/YII_clothes_purchase_sale-master%20(1)/hsyii/index.php?r=index/checkuser1&staff_log_name=Zhou&staff_password=zhou1234
2019/11/25 23:58:21 [error] [php] Undefined variable: model (/var/www/html/YII_clothes_purchase_sale-master (1)/hsyii/admin/controllers/IndexController.php:46)
Stack trace:
#0 /var/www/html/YII_clothes_purchase_sale-master (1)/hsyii/framework/web/CController.php(286): IndexController->runAction()
#1 /var/www/html/YII_clothes_purchase_sale-master (1)/hsyii/framework/web/CController.php(265): IndexController->runActionWithFilters()
#2 /var/www/html/YII_clothes_purchase_sale-master (1)/hsyii/framework/web/CWebApplication.php(282): IndexController->run()
#3 /var/www/html/YII_clothes_purchase_sale-master (1)/hsyii/framework/web/CWebApplication.php(141): CWebApplication->runController()
#4 /var/www/html/YII_clothes_purchase_sale-master (1)/hsyii/framework/base/CApplication.php(185): CWebApplication->processRequest()
#5 /var/www/html/YII_clothes_purchase_sale-master (1)/hsyii/index.php(33): CWebApplication->run()
REQUEST_URI=/YII_clothes_purchase_sale-master%20(1)/hsyii/index.php?r=index/checkuser1&staff_log_name=Zhou&staff_password=zhou1234
2019/11/25 23:59:05 [error] [php] Undefined variable: model (/var/www/html/YII_clothes_purchase_sale-master (1)/hsyii/admin/controllers/IndexController.php:46)
Stack trace:
#0 /var/www/html/YII_clothes_purchase_sale-master (1)/hsyii/framework/web/CController.php(286): IndexController->runAction()
#1 /var/www/html/YII_clothes_purchase_sale-master (1)/hsyii/framework/web/CController.php(265): IndexController->runActionWithFilters()
#2 /var/www/html/YII_clothes_purchase_sale-master (1)/hsyii/framework/web/CWebApplication.php(282): IndexController->run()
#3 /var/www/html/YII_clothes_purchase_sale-master (1)/hsyii/framework/web/CWebApplication.php(141): CWebApplication->runController()
#4 /var/www/html/YII_clothes_purchase_sale-master (1)/hsyii/framework/base/CApplication.php(185): CWebApplication->processRequest()
#5 /var/www/html/YII_clothes_purchase_sale-master (1)/hsyii/index.php(33): CWebApplication->run()
REQUEST_URI=/YII_clothes_purchase_sale-master%20(1)/hsyii/index.php?r=index/checkuser1&staff_log_name=Zhou&staff_password=zhou1234
2019/11/25 23:59:06 [error] [php] Undefined variable: model (/var/www/html/YII_clothes_purchase_sale-master (1)/hsyii/admin/controllers/IndexController.php:46)
Stack trace:
#0 /var/www/html/YII_clothes_purchase_sale-master (1)/hsyii/framework/web/CController.php(286): IndexController->runAction()
#1 /var/www/html/YII_clothes_purchase_sale-master (1)/hsyii/framework/web/CController.php(265): IndexController->runActionWithFilters()
#2 /var/www/html/YII_clothes_purchase_sale-master (1)/hsyii/framework/web/CWebApplication.php(282): IndexController->run()
#3 /var/www/html/YII_clothes_purchase_sale-master (1)/hsyii/framework/web/CWebApplication.php(141): CWebApplication->runController()
#4 /var/www/html/YII_clothes_purchase_sale-master (1)/hsyii/framework/base/CApplication.php(185): CWebApplication->processRequest()
#5 /var/www/html/YII_clothes_purchase_sale-master (1)/hsyii/index.php(33): CWebApplication->run()
REQUEST_URI=/YII_clothes_purchase_sale-master%20(1)/hsyii/index.php?r=index/checkuser1&staff_log_name=Zhou&staff_password=zhou1234
2019/11/25 23:59:06 [error] [php] Undefined variable: model (/var/www/html/YII_clothes_purchase_sale-master (1)/hsyii/admin/controllers/IndexController.php:46)
Stack trace:
#0 /var/www/html/YII_clothes_purchase_sale-master (1)/hsyii/framework/web/CController.php(286): IndexController->runAction()
#1 /var/www/html/YII_clothes_purchase_sale-master (1)/hsyii/framework/web/CController.php(265): IndexController->runActionWithFilters()
#2 /var/www/html/YII_clothes_purchase_sale-master (1)/hsyii/framework/web/CWebApplication.php(282): IndexController->run()
#3 /var/www/html/YII_clothes_purchase_sale-master (1)/hsyii/framework/web/CWebApplication.php(141): CWebApplication->runController()
#4 /var/www/html/YII_clothes_purchase_sale-master (1)/hsyii/framework/base/CApplication.php(185): CWebApplication->processRequest()
#5 /var/www/html/YII_clothes_purchase_sale-master (1)/hsyii/index.php(33): CWebApplication->run()
REQUEST_URI=/YII_clothes_purchase_sale-master%20(1)/hsyii/index.php?r=index/checkuser1&staff_log_name=Zhou&staff_password=zhou1234
2019/11/25 23:59:06 [error] [php] Undefined variable: model (/var/www/html/YII_clothes_purchase_sale-master (1)/hsyii/admin/controllers/IndexController.php:46)
Stack trace:
#0 /var/www/html/YII_clothes_purchase_sale-master (1)/hsyii/framework/web/CController.php(286): IndexController->runAction()
#1 /var/www/html/YII_clothes_purchase_sale-master (1)/hsyii/framework/web/CController.php(265): IndexController->runActionWithFilters()
#2 /var/www/html/YII_clothes_purchase_sale-master (1)/hsyii/framework/web/CWebApplication.php(282): IndexController->run()
#3 /var/www/html/YII_clothes_purchase_sale-master (1)/hsyii/framework/web/CWebApplication.php(141): CWebApplication->runController()
#4 /var/www/html/YII_clothes_purchase_sale-master (1)/hsyii/framework/base/CApplication.php(185): CWebApplication->processRequest()
#5 /var/www/html/YII_clothes_purchase_sale-master (1)/hsyii/index.php(33): CWebApplication->run()
REQUEST_URI=/YII_clothes_purchase_sale-master%20(1)/hsyii/index.php?r=index/checkuser1&staff_log_name=Zhou&staff_password=zhou1234
2019/11/26 00:04:35 [error] [exception.CException] CException: 属性 "StaffMessage.id" 未被定义. in /var/www/html/YII_clothes_purchase_sale-master (1)/hsyii/framework/base/CComponent.php:130
Stack trace:
#0 /var/www/html/YII_clothes_purchase_sale-master (1)/hsyii/framework/db/ar/CActiveRecord.php(145): CComponent->__get('id')
#1 /var/www/html/YII_clothes_purchase_sale-master (1)/hsyii/admin/controllers/IndexController.php(54): CActiveRecord->__get('id')
#2 /var/www/html/YII_clothes_purchase_sale-master (1)/hsyii/framework/web/actions/CInlineAction.php(49): IndexController->actionCheckuser1()
#3 /var/www/html/YII_clothes_purchase_sale-master (1)/hsyii/framework/web/CController.php(308): CInlineAction->runWithParams(Array)
#4 /var/www/html/YII_clothes_purchase_sale-master (1)/hsyii/framework/web/CController.php(286): CController->runAction(Object(CInlineAction))
#5 /var/www/html/YII_clothes_purchase_sale-master (1)/hsyii/framework/web/CController.php(265): CController->runActionWithFilters(Object(CInlineAction), Array)
#6 /var/www/html/YII_clothes_purchase_sale-master (1)/hsyii/framework/web/CWebApplication.php(282): CController->run('checkuser1')
#7 /var/www/html/YII_clothes_purchase_sale-master (1)/hsyii/framework/web/CWebApplication.php(141): CWebApplication->runController('index/checkuser...')
#8 /var/www/html/YII_clothes_purchase_sale-master (1)/hsyii/framework/base/CApplication.php(185): CWebApplication->processRequest()
#9 /var/www/html/YII_clothes_purchase_sale-master (1)/hsyii/index.php(33): CApplication->run()
#10 {main}
REQUEST_URI=/YII_clothes_purchase_sale-master%20(1)/hsyii/index.php?r=index/checkuser1&staff_log_name=Zhou&staff_password=zhou1234
HTTP_REFERER=http://localhost/YII_clothes_purchase_sale-master%20(1)/hsyii/index.php?r=index/logout
---
2019/11/26 00:04:36 [error] [exception.CException] CException: 属性 "StaffMessage.id" 未被定义. in /var/www/html/YII_clothes_purchase_sale-master (1)/hsyii/framework/base/CComponent.php:130
Stack trace:
#0 /var/www/html/YII_clothes_purchase_sale-master (1)/hsyii/framework/db/ar/CActiveRecord.php(145): CComponent->__get('id')
#1 /var/www/html/YII_clothes_purchase_sale-master (1)/hsyii/admin/controllers/IndexController.php(54): CActiveRecord->__get('id')
#2 /var/www/html/YII_clothes_purchase_sale-master (1)/hsyii/framework/web/actions/CInlineAction.php(49): IndexController->actionCheckuser1()
#3 /var/www/html/YII_clothes_purchase_sale-master (1)/hsyii/framework/web/CController.php(308): CInlineAction->runWithParams(Array)
#4 /var/www/html/YII_clothes_purchase_sale-master (1)/hsyii/framework/web/CController.php(286): CController->runAction(Object(CInlineAction))
#5 /var/www/html/YII_clothes_purchase_sale-master (1)/hsyii/framework/web/CController.php(265): CController->runActionWithFilters(Object(CInlineAction), Array)
#6 /var/www/html/YII_clothes_purchase_sale-master (1)/hsyii/framework/web/CWebApplication.php(282): CController->run('checkuser1')
#7 /var/www/html/YII_clothes_purchase_sale-master (1)/hsyii/framework/web/CWebApplication.php(141): CWebApplication->runController('index/checkuser...')
#8 /var/www/html/YII_clothes_purchase_sale-master (1)/hsyii/framework/base/CApplication.php(185): CWebApplication->processRequest()
#9 /var/www/html/YII_clothes_purchase_sale-master (1)/hsyii/index.php(33): CApplication->run()
#10 {main}
REQUEST_URI=/YII_clothes_purchase_sale-master%20(1)/hsyii/index.php?r=index/checkuser1&staff_log_name=Zhou&staff_password=zhou1234
HTTP_REFERER=http://localhost/YII_clothes_purchase_sale-master%20(1)/hsyii/index.php?r=index/logout
---
